"../../../../../WOT/world-of-tank/MyProject/Content/Assests/tank_green_001.uasset" 0
"../../../../../WOT/world-of-tank/MyProject/Content/Assests/tank_green_002.uasset" 1
"../../../../../WOT/world-of-tank/MyProject/Content/Assests/tank_fbx_Barrel.uasset" 2
"../../../../../WOT/world-of-tank/MyProject/Content/Assests/tank_fbx_Turret.uasset" 3
"../../../../../WOT/world-of-tank/MyProject/Content/Assests/track_001.uasset" 4
"../../../../../WOT/world-of-tank/MyProject/Content/Assests/tank_fbx_Track.uasset" 5
"../../../../../WOT/world-of-tank/MyProject/Content/Assests/tank_green.uasset" 6
"../../../../../WOT/world-of-tank/MyProject/Content/Assests/tank_fbx_Body.uasset" 7
"../../../../../WOT/world-of-tank/MyProject/Content/Explosions/DemoRoom/Materials/M_DemoWall.uasset" 8
"../../../../../WOT/world-of-tank/MyProject/Content/Explosions/DemoRoom/Materials/M_DemoWall_Inst2.uasset" 9
"../../../../../WOT/world-of-tank/MyProject/Content/Explosions/DemoRoom/Materials/M_LightSculpture.uasset" 10
"../../../../../WOT/world-of-tank/MyProject/Content/Explosions/Textures/SmokeTiled3_Normal.uasset" 11
"../../../../../WOT/world-of-tank/MyProject/Content/Explosions/Textures/SmokeTiled3.uasset" 12
"../../../Engine/Content/Functions/Engine_MaterialFunctions02/Math/MultiplyAdd.uasset" 13
"../../../Engine/Content/Functions/Engine_MaterialFunctions01/Gradient/LinearGradient.uasset" 14
"../../../Engine/Content/Functions/Engine_MaterialFunctions01/ImageAdjustment/CheapContrast.uasset" 15
"../../../../../WOT/world-of-tank/MyProject/Content/Explosions/Mats/RibbonSmoke1b_M.uasset" 16
"../../../../../WOT/world-of-tank/MyProject/Content/Explosions/Textures/SquareSpark.uasset" 17
"../../../../../WOT/world-of-tank/MyProject/Content/Explosions/Mats/ThickSparkEdgy_M.uasset" 18
"../../../../../WOT/world-of-tank/MyProject/Content/Explosions/Textures/Noise_cloudsmed.uasset" 19
"../../../Engine/Content/Functions/Engine_MaterialFunctions01/ImageAdjustment/DeriveHDRfromLDR.uasset" 20
"../../../../../WOT/world-of-tank/MyProject/Content/Explosions/Mats/Shocktorus.uasset" 21
"../../../../../WOT/world-of-tank/MyProject/Content/Explosions/Mesh/shockwavedome.uasset" 22
"../../../../../WOT/world-of-tank/MyProject/Content/Explosions/Mats/RibbonSmoke1_M.uasset" 23
"../../../../../WOT/world-of-tank/MyProject/Content/Explosions/Mats/RadialRamp_Mat.uasset" 24
"../../../../../WOT/world-of-tank/MyProject/Content/Explosions/Particles/P_Streamer1.uasset" 25
"../../../../../WOT/world-of-tank/MyProject/Content/Explosions/Textures/FireCore2.uasset" 26
"../../../../../WOT/world-of-tank/MyProject/Content/Explosions/Textures/RandomAngles.uasset" 27
"../../../../../WOT/world-of-tank/MyProject/Content/Explosions/Textures/RandomMirrorDisc.uasset" 28
"../../../../../WOT/world-of-tank/MyProject/Content/Explosions/Textures/SineWaveWorldNormalMap.uasset" 29
"../../../../../WOT/world-of-tank/MyProject/Content/Explosions/Textures/SmokeTiled2.uasset" 30
"../../../../../WOT/world-of-tank/MyProject/Content/Explosions/Textures/SmokeTiled2_Normal.uasset" 31
"../../../../../WOT/world-of-tank/MyProject/Content/Explosions/Textures/SmokeTiled4.uasset" 32
"../../../../../WOT/world-of-tank/MyProject/Content/Explosions/Textures/SmokeTiled4_Normal.uasset" 33
"../../../../../WOT/world-of-tank/MyProject/Content/Explosions/Textures/SmokeTiled5.uasset" 34
"../../../../../WOT/world-of-tank/MyProject/Content/Explosions/Textures/SmokeTiled5_Normal.uasset" 35
"../../../../../WOT/world-of-tank/MyProject/Content/Explosions/Textures/SmokeTiled6.uasset" 36
"../../../../../WOT/world-of-tank/MyProject/Content/Explosions/Textures/SmokeTiled6_Normal.uasset" 37
"../../../../../WOT/world-of-tank/MyProject/Content/Explosions/Textures/SphereRenderNormalsMap.uasset" 38
"../../../../../WOT/world-of-tank/MyProject/Content/Explosions/Textures/test1.uasset" 39
"../../../../../WOT/world-of-tank/MyProject/Content/Explosions/Textures/4K/Explodebase1Bot_4k.uasset" 40
"../../../../../WOT/world-of-tank/MyProject/Content/Explosions/Textures/4K/Explodebase1Side3_4k.uasset" 41
"../../../../../WOT/world-of-tank/MyProject/Content/Explosions/Textures/4K/Explodebase1Top_4k.uasset" 42
"../../../../../WOT/world-of-tank/MyProject/Content/Explosions/Textures/4K/Explodebase1_4k.uasset" 43
"../../../../../WOT/world-of-tank/MyProject/Content/Explosions/Textures/4K/ExplosionPreset_Bot_4k.uasset" 44
"../../../../../WOT/world-of-tank/MyProject/Content/Explosions/Textures/4K/ExplosionPreset_Side_4k.uasset" 45
"../../../../../WOT/world-of-tank/MyProject/Content/Explosions/Textures/4K/ExplosionPreset_Top_4k.uasset" 46
"../../../../../WOT/world-of-tank/MyProject/Content/Explosions/Textures/4K/Fire2a_4k.uasset" 47
"../../../../../WOT/world-of-tank/MyProject/Content/Explosions/Textures/4K/Fire2b_4k.uasset" 48
"../../../../../WOT/world-of-tank/MyProject/Content/Explosions/Textures/4K/Fire2c_4k.uasset" 49
"../../../../../WOT/world-of-tank/MyProject/Content/Explosions/Textures/4K/Fire2d_4k.uasset" 50
"../../../../../WOT/world-of-tank/MyProject/Content/Explosions/Textures/4K/Fire4a_4k.uasset" 51
"../../../../../WOT/world-of-tank/MyProject/Content/Explosions/Textures/4K/Fire4b_4k.uasset" 52
"../../../../../WOT/world-of-tank/MyProject/Content/Explosions/Textures/4K/Fire4c_4k.uasset" 53
"../../../../../WOT/world-of-tank/MyProject/Content/Explosions/Textures/4K/Fire4d_4k.uasset" 54
"../../../../../WOT/world-of-tank/MyProject/Content/Explosions/Textures/4K/Fireballs1SideB_4k.uasset" 55
"../../../../../WOT/world-of-tank/MyProject/Content/Explosions/Textures/4K/Fireballs1Top_4k.uasset" 56
"../../../../../WOT/world-of-tank/MyProject/Content/Explosions/Textures/4K/Fireballs1_4k.uasset" 57
"../../../../../WOT/world-of-tank/MyProject/Content/Explosions/Textures/4K/Mushroom1bot_4k.uasset" 58
"../../../../../WOT/world-of-tank/MyProject/Content/Explosions/Textures/4K/Mushroom1Side1_4k.uasset" 59
"../../../../../WOT/world-of-tank/MyProject/Content/Explosions/Textures/4K/Mushroom1top_4k.uasset" 60
"../../../../../WOT/world-of-tank/MyProject/Content/Explosions/Textures/4K/Smoke1a_4K.uasset" 61
"../../../../../WOT/world-of-tank/MyProject/Content/Explosions/Textures/4K/Smoke1b_4K.uasset" 62
"../../../../../WOT/world-of-tank/MyProject/Content/Explosions/Textures/4K/Smoke1c_4k.uasset" 63
"../../../../../WOT/world-of-tank/MyProject/Content/Explosions/Textures/4K/Smoke2a_4K.uasset" 64
"../../../../../WOT/world-of-tank/MyProject/Content/Explosions/Textures/4K/Smoke2b_4K.uasset" 65
"../../../../../WOT/world-of-tank/MyProject/Content/Explosions/Textures/4K/Smoke2c_4K.uasset" 66
"../../../../../WOT/world-of-tank/MyProject/Content/Explosions/Textures/4K/smokeblack1_4K.uasset" 67
"../../../../../WOT/world-of-tank/MyProject/Content/Explosions/Textures/8K/Explodebase1.uasset" 68
"../../../../../WOT/world-of-tank/MyProject/Content/Explosions/Textures/8K/Explodebase1Bot.uasset" 69
"../../../../../WOT/world-of-tank/MyProject/Content/Explosions/Textures/8K/Explodebase1Side3.uasset" 70
"../../../../../WOT/world-of-tank/MyProject/Content/Explosions/Textures/8K/Explodebase1Top.uasset" 71
"../../../../../WOT/world-of-tank/MyProject/Content/Explosions/Textures/8K/ExplosionPreset_Bot.uasset" 72
"../../../../../WOT/world-of-tank/MyProject/Content/Explosions/Textures/8K/ExplosionPreset_Side.uasset" 73
"../../../../../WOT/world-of-tank/MyProject/Content/Explosions/Textures/8K/ExplosionPreset_Top.uasset" 74
"../../../../../WOT/world-of-tank/MyProject/Content/Explosions/Textures/8K/Fire2a_8k.uasset" 75
"../../../../../WOT/world-of-tank/MyProject/Content/Explosions/Textures/8K/Fire2b_8k.uasset" 76
"../../../../../WOT/world-of-tank/MyProject/Content/Explosions/Textures/8K/Fire2c_8k.uasset" 77
"../../../../../WOT/world-of-tank/MyProject/Content/Explosions/Textures/8K/Fire2d_8k.uasset" 78
"../../../../../WOT/world-of-tank/MyProject/Content/Explosions/Textures/8K/Fire4a_8k.uasset" 79
"../../../../../WOT/world-of-tank/MyProject/Content/Explosions/Textures/8K/Fire4b_8k.uasset" 80
"../../../../../WOT/world-of-tank/MyProject/Content/Explosions/Textures/8K/Fire4c_8k.uasset" 81
"../../../../../WOT/world-of-tank/MyProject/Content/Explosions/Textures/8K/Fire4d_8k.uasset" 82
"../../../../../WOT/world-of-tank/MyProject/Content/Explosions/Textures/8K/Fireballs1.uasset" 83
"../../../../../WOT/world-of-tank/MyProject/Content/Explosions/Textures/8K/Fireballs1SideB.uasset" 84
"../../../../../WOT/world-of-tank/MyProject/Content/Explosions/Textures/8K/Fireballs1Top.uasset" 85
"../../../../../WOT/world-of-tank/MyProject/Content/Explosions/Textures/8K/Mushroom1bot.uasset" 86
"../../../../../WOT/world-of-tank/MyProject/Content/Explosions/Textures/8K/Mushroom1Side1.uasset" 87
"../../../../../WOT/world-of-tank/MyProject/Content/Explosions/Textures/8K/Mushroom1top.uasset" 88
"../../../../../WOT/world-of-tank/MyProject/Content/Explosions/Textures/8K/Smoke1a_8K.uasset" 89
"../../../../../WOT/world-of-tank/MyProject/Content/Explosions/Textures/8K/Smoke1b_8K.uasset" 90
"../../../../../WOT/world-of-tank/MyProject/Content/Explosions/Textures/8K/Smoke1c_8k.uasset" 91
"../../../../../WOT/world-of-tank/MyProject/Content/Explosions/Textures/8K/Smoke2a_8K.uasset" 92
"../../../../../WOT/world-of-tank/MyProject/Content/Explosions/Textures/8K/Smoke2b_8K.uasset" 93
"../../../../../WOT/world-of-tank/MyProject/Content/Explosions/Textures/8K/Smoke2c_8K.uasset" 94
"../../../../../WOT/world-of-tank/MyProject/Content/Explosions/Textures/8K/smokeblack1_8K.uasset" 95
"../../../../../WOT/world-of-tank/MyProject/Content/Explosions/VF/Fireball1_VF32.uasset" 96
"../../../../../WOT/world-of-tank/MyProject/Content/InventorySystems/UI/ItemCount.uasset" 97
"../../../Engine/Content/EngineMaterials/T_Default_Material_Grid_N.uasset" 98
"../../../Engine/Content/EngineMaterials/T_Default_Material_Grid_M.uasset" 99
"../../../Engine/Content/Functions/Engine_MaterialFunctions01/Opacity/CameraDepthFade.uasset" 100
"../../../Engine/Content/EngineMaterials/DefaultMaterial.uasset" 101
"../../../Engine/Content/BasicShapes/Sphere.uasset" 102
"../../../Engine/Content/BasicShapes/BasicShapeMaterial.uasset" 103
"../../../../../WOT/world-of-tank/MyProject/Content/InventorySystems/PickUp.uasset" 104
"../../../../../WOT/world-of-tank/MyProject/Content/StarterContent/Materials/M_Basic_Wall.uasset" 105
"../../../../../WOT/world-of-tank/MyProject/Content/StarterContent/Architecture/Pillar_50x500.uasset" 106
"../../../../../WOT/world-of-tank/MyProject/Content/StarterContent/Architecture/Wall_400x300.uasset" 107
"../../../../../WOT/world-of-tank/MyProject/Content/StarterContent/Architecture/Wall_400x400.uasset" 108
"../../../../../WOT/world-of-tank/MyProject/Content/StarterContent/Architecture/Wall_500x500.uasset" 109
"../../../../../WOT/world-of-tank/MyProject/Content/StarterContent/Architecture/Wall_Door_400x400.uasset" 110
"../../../../../WOT/world-of-tank/MyProject/Content/StarterContent/Architecture/Wall_Window_400x400.uasset" 111
"../../../../../WOT/world-of-tank/MyProject/Content/StarterContent/Audio/Collapse01.uasset" 112
"../../../../../WOT/world-of-tank/MyProject/Content/StarterContent/Audio/Collapse02.uasset" 113
"../../../../../WOT/world-of-tank/MyProject/Content/StarterContent/Audio/Explosion01.uasset" 114
"../../../../../WOT/world-of-tank/MyProject/Content/StarterContent/Audio/Explosion02.uasset" 115
"../../../../../WOT/world-of-tank/MyProject/Content/StarterContent/Audio/Fire01.uasset" 116
"../../../../../WOT/world-of-tank/MyProject/Content/StarterContent/Audio/Fire_Sparks01.uasset" 117
"../../../../../WOT/world-of-tank/MyProject/Content/StarterContent/Audio/Light01.uasset" 118
"../../../../../WOT/world-of-tank/MyProject/Content/StarterContent/Audio/Light01_Cue.uasset" 119
"../../../../../WOT/world-of-tank/MyProject/Content/StarterContent/Audio/Light02.uasset" 120
"../../../../../WOT/world-of-tank/MyProject/Content/StarterContent/Audio/Light02_Cue.uasset" 121
"../../../../../WOT/world-of-tank/MyProject/Content/StarterContent/Audio/Smoke01.uasset" 122
"../../../../../WOT/world-of-tank/MyProject/Content/StarterContent/Audio/Starter_Birds01.uasset" 123
"../../../../../WOT/world-of-tank/MyProject/Content/StarterContent/Audio/Starter_Music01.uasset" 124
"../../../../../WOT/world-of-tank/MyProject/Content/StarterContent/Audio/Starter_Wind05.uasset" 125
"../../../../../WOT/world-of-tank/MyProject/Content/StarterContent/Audio/Starter_Wind06.uasset" 126
"../../../../../WOT/world-of-tank/MyProject/Content/StarterContent/Audio/Steam01.uasset" 127
"../../../../../WOT/world-of-tank/MyProject/Content/StarterContent/Textures/T_Smoke_Tiled_D.uasset" 128
"../../../../../WOT/world-of-tank/MyProject/Content/StarterContent/Textures/T_Smoke_SubUV.uasset" 129
"../../../../../WOT/world-of-tank/MyProject/Content/StarterContent/Particles/Materials/M_smoke_subUV.uasset" 130
"../../../Engine/Content/Functions/Engine_MaterialFunctions01/Gradient/RadialGradient.uasset" 131
"../../../../../WOT/world-of-tank/MyProject/Content/StarterContent/Particles/Materials/M_radial_ramp.uasset" 132
"../../../../../WOT/world-of-tank/MyProject/Content/StarterContent/Particles/Materials/m_flare_01.uasset" 133
"../../../../../WOT/world-of-tank/MyProject/Content/StarterContent/Textures/T_Explosion_SubUV.uasset" 134
"../../../../../WOT/world-of-tank/MyProject/Content/StarterContent/Particles/Materials/M_explosion_subUV.uasset" 135
"../../../../../WOT/world-of-tank/MyProject/Content/StarterContent/Textures/T_Burst_M.uasset" 136
"../../../../../WOT/world-of-tank/MyProject/Content/StarterContent/Particles/Materials/M_Burst.uasset" 137
"../../../../../WOT/world-of-tank/MyProject/Content/StarterContent/Particles/P_Explosion.uasset" 138
"../../../../../WOT/world-of-tank/MyProject/Content/StarterContent/Audio/Explosion_Cue.uasset" 139
"../../../../../WOT/world-of-tank/MyProject/Content/StarterContent/Blueprints/Blueprint_Effect_Explosion.uasset" 140
"../../../Engine/Content/EditorMeshes/ColorCalibrator/T_ColorGrid.uasset" 141
"../../../../../WOT/world-of-tank/MyProject/Content/StarterContent/Materials/M_ColorGrid_LowSpec.uasset" 142
"../../../../../WOT/world-of-tank/MyProject/Content/StarterContent/Textures/T_Bush_N.uasset" 143
"../../../../../WOT/world-of-tank/MyProject/Content/StarterContent/Textures/T_Bush_D.uasset" 144
"../../../../../WOT/world-of-tank/MyProject/Content/StarterContent/Props/Materials/M_Bush.uasset" 145
"../../../../../WOT/world-of-tank/MyProject/Content/StarterContent/Props/SM_Bush.uasset" 146
"../../../../../WOT/world-of-tank/MyProject/Content/StarterContent/Textures/T_Chair_N.uasset" 147
"../../../../../WOT/world-of-tank/MyProject/Content/StarterContent/Textures/T_Chair_M.uasset" 148
"../../../../../WOT/world-of-tank/MyProject/Content/StarterContent/Props/Materials/M_Chair.uasset" 149
"../../../../../WOT/world-of-tank/MyProject/Content/StarterContent/Props/SM_Couch.uasset" 150
"../../../../../WOT/world-of-tank/MyProject/Content/StarterContent/Materials/M_Glass.uasset" 151
"../../../../../WOT/world-of-tank/MyProject/Content/StarterContent/Textures/T_Door_N.uasset" 152
"../../../../../WOT/world-of-tank/MyProject/Content/StarterContent/Textures/T_Door_M.uasset" 153
"../../../../../WOT/world-of-tank/MyProject/Content/StarterContent/Props/Materials/M_Door.uasset" 154
"../../../../../WOT/world-of-tank/MyProject/Content/StarterContent/Props/SM_Door.uasset" 155
"../../../../../WOT/world-of-tank/MyProject/Content/StarterContent/Props/Materials/M_MaterialSphere_Plain.uasset" 156
"../../../../../WOT/world-of-tank/MyProject/Content/StarterContent/Props/Materials/M_MaterialSphere.uasset" 157
"../../../../../WOT/world-of-tank/MyProject/Content/StarterContent/Props/SM_MatPreviewMesh_02.uasset" 158
"../../../../../WOT/world-of-tank/MyProject/Content/StarterContent/Textures/T_Rock_Basalt_D.uasset" 159
"../../../Engine/Content/Functions/Engine_MaterialFunctions02/Utility/BlendAngleCorrectedNormals.uasset" 160
"../../../../../WOT/world-of-tank/MyProject/Content/StarterContent/Textures/T_RockMesh_N.uasset" 161
"../../../../../WOT/world-of-tank/MyProject/Content/StarterContent/Textures/T_RockMesh_M.uasset" 162
"../../../../../WOT/world-of-tank/MyProject/Content/StarterContent/Textures/T_Detail_Rocky_N.uasset" 163
"../../../../../WOT/world-of-tank/MyProject/Content/StarterContent/Props/Materials/M_Rock.uasset" 164
"../../../../../WOT/world-of-tank/MyProject/Content/StarterContent/Props/SM_Rock.uasset" 165
"../../../../../WOT/world-of-tank/MyProject/Content/StarterContent/Textures/T_Shelf_N.uasset" 166
"../../../../../WOT/world-of-tank/MyProject/Content/StarterContent/Textures/T_Shelf_M.uasset" 167
"../../../../../WOT/world-of-tank/MyProject/Content/StarterContent/Props/Materials/M_Shelf.uasset" 168
"../../../../../WOT/world-of-tank/MyProject/Content/StarterContent/Props/SM_Shelf.uasset" 169
"../../../../../WOT/world-of-tank/MyProject/Content/StarterContent/Materials/M_Basic_Floor.uasset" 170
"../../../../../WOT/world-of-tank/MyProject/Content/StarterContent/Props/SM_Stairs.uasset" 171
"../../../../../WOT/world-of-tank/MyProject/Content/StarterContent/Shapes/Shape_Cone.uasset" 172
"../../../../../WOT/world-of-tank/MyProject/Content/StarterContent/Shapes/Shape_Cylinder.uasset" 173
"../../../../../WOT/world-of-tank/MyProject/Content/StarterContent/Shapes/Shape_NarrowCapsule.uasset" 174
"../../../../../WOT/world-of-tank/MyProject/Content/StarterContent/Shapes/Shape_Pipe.uasset" 175
"../../../../../WOT/world-of-tank/MyProject/Content/StarterContent/Shapes/Shape_Pipe_180.uasset" 176
"../../../../../WOT/world-of-tank/MyProject/Content/StarterContent/Shapes/Shape_Pipe_90.uasset" 177
"../../../../../WOT/world-of-tank/MyProject/Content/StarterContent/Shapes/Shape_Plane.uasset" 178
"../../../../../WOT/world-of-tank/MyProject/Content/StarterContent/Shapes/Shape_Torus.uasset" 179
"../../../../../WOT/world-of-tank/MyProject/Content/StarterContent/Shapes/Shape_Trim.uasset" 180
"../../../../../WOT/world-of-tank/MyProject/Content/StarterContent/Shapes/Shape_Trim_90_In.uasset" 181
"../../../../../WOT/world-of-tank/MyProject/Content/StarterContent/Shapes/Shape_Trim_90_Out.uasset" 182
"../../../../../WOT/world-of-tank/MyProject/Content/StarterContent/Shapes/Shape_TriPyramid.uasset" 183
"../../../../../WOT/world-of-tank/MyProject/Content/StarterContent/Shapes/Shape_Tube.uasset" 184
"../../../../../WOT/world-of-tank/MyProject/Content/StarterContent/Shapes/Shape_Wedge_A.uasset" 185
"../../../../../WOT/world-of-tank/MyProject/Content/StarterContent/Shapes/Shape_Wedge_B.uasset" 186
"../../../../../WOT/world-of-tank/MyProject/Content/StarterContent/Shapes/Shape_WideCapsule.uasset" 187
"../../../../../WOT/world-of-tank/MyProject/Content/VigilanteContent/Vehicles/West_Tank_M1A1Abrams/BP_TankVehicle.uasset" 188
"../../../../../WOT/world-of-tank/MyProject/Content/TankBase/BluePrints/Tank/Projectile/BP_Projectile.uasset" 189
"../../../../../WOT/world-of-tank/MyProject/Content/TankBase/UI/Str_Player_info.uasset" 190
"../../../../../WOT/world-of-tank/MyProject/Content/TankBase/UI/YouDead.uasset" 191
"../../../../../WOT/world-of-tank/MyProject/Content/TankBase/UI/GameOver.uasset" 192
"../../../../../WOT/world-of-tank/MyProject/Content/TankBase/BluePrints/TankUI/MainUI.uasset" 193
"../../../../../WOT/world-of-tank/MyProject/Content/TankBase/UI/GameIn_Main.uasset" 194
"../../../../../WOT/world-of-tank/MyProject/Content/VigilanteContent/Shared/Particles/Textures/Debris/T_2x2_Dusts_01_BC.uasset" 195
"../../../../../WOT/world-of-tank/MyProject/Content/VigilanteContent/Shared/Particles/Textures/Normals/T_BlurNormalSphere_N.uasset" 196
"../../../../../WOT/world-of-tank/MyProject/Content/VigilanteContent/Shared/Particles/Materials/MasterMaterials/M_2X2_SubUV_Debris_01_M.uasset" 197
"../../../../../WOT/world-of-tank/MyProject/Content/VigilanteContent/Shared/Particles/Textures/T_SoftSmokeBall_VL144_a.uasset" 198
"../../../../../WOT/world-of-tank/MyProject/Content/VigilanteContent/Shared/Particles/Materials/MasterMaterials/M_12X12_Smokes_01_M.uasset" 199
"../../../../../WOT/world-of-tank/MyProject/Content/VigilanteContent/Vehicles/West_Tank_M1A1Abrams/FX/PS_Dust_WheelTrack_M1A1Abrams.uasset" 200
"../../../Engine/Content/EngineMaterials/T_Default_Normal.uasset" 201
"../../../Engine/Content/EngineMaterials/T_Default_BaseColor.uasset" 202
"../../../../../WOT/world-of-tank/MyProject/Content/VigilanteContent/Shared/Materials/M_Master_Damaged.uasset" 203
"../../../../../WOT/world-of-tank/MyProject/Content/VigilanteContent/Vehicles/West_Tank_M1A1Abrams/Damaged/Materials/Textures/T_West_Tank_M1A1Abrams_Damaged_N.uasset" 204
"../../../../../WOT/world-of-tank/MyProject/Content/VigilanteContent/Vehicles/West_Tank_M1A1Abrams/Damaged/Materials/Textures/T_West_Tank_M1A1Abrams_Damaged_D.uasset" 205
"../../../../../WOT/world-of-tank/MyProject/Content/VigilanteContent/Vehicles/West_Tank_M1A1Abrams/Damaged/Materials/Textures/T_West_Tank_M1A1Abrams_Damaged_ARM.uasset" 206
"../../../../../WOT/world-of-tank/MyProject/Content/VigilanteContent/Vehicles/West_Tank_M1A1Abrams/Damaged/Materials/MI_West_Tank_M1A1Abrams_Damaged.uasset" 207
"../../../../../WOT/world-of-tank/MyProject/Content/VigilanteContent/Vehicles/West_Tank_M1A1Abrams/Damaged/SM_West_Tank_M1A1Abrams_Damaged.uasset" 208
"../../../../../WOT/world-of-tank/MyProject/Content/VigilanteContent/Vehicles/West_Tank_M1A1Abrams/TireConfig.uasset" 209
"../../../../../WOT/world-of-tank/MyProject/Content/VigilanteContent/Vehicles/West_Tank_M1A1Abrams/TankWheelt.uasset" 210
"../../../../../WOT/world-of-tank/MyProject/Content/VigilanteContent/Shared/Particles/Textures/Smoke/T_RGBA_CumulusTiled_01.uasset" 211
"../../../../../WOT/world-of-tank/MyProject/Content/VigilanteContent/Shared/Particles/Textures/MuzzleFlash/T_2X2_MuzzlePoint_01_CH.uasset" 212
"../../../../../WOT/world-of-tank/MyProject/Content/VigilanteContent/Shared/Particles/Materials/MasterMaterials/M_2X2_Fire_FlowMap_01_M.uasset" 213
"../../../../../WOT/world-of-tank/MyProject/Content/VigilanteContent/Vehicles/West_Tank_M1A1Abrams/FX/PS_Wreckage_01_M1A1Abrams.uasset" 214
"../../../../../WOT/world-of-tank/MyProject/Content/VigilanteContent/Vehicles/West_Tank_M1A1Abrams/PHYS_West_Tank_M1A1Abrams.uasset" 215
"../../../../../WOT/world-of-tank/MyProject/Content/VigilanteContent/Vehicles/West_Tank_M1A1Abrams/SKEL_West_Tank_M1A1Abrams.uasset" 216
"../../../../../WOT/world-of-tank/MyProject/Content/VigilanteContent/Shared/Materials/M_Master_Main.uasset" 217
"../../../../../WOT/world-of-tank/MyProject/Content/VigilanteContent/Vehicles/West_Tank_M1A1Abrams/Materials/Textures/T_West_Tank_M1A1Abrams_E.uasset" 218
"../../../../../WOT/world-of-tank/MyProject/Content/VigilanteContent/Vehicles/West_Tank_M1A1Abrams/Materials/Textures/T_West_Tank_M1A1Abrams_D_Desert.uasset" 219
"../../../../../WOT/world-of-tank/MyProject/Content/VigilanteContent/Vehicles/West_Tank_M1A1Abrams/Materials/Textures/T_West_Tank_M1A1Abrams_N.uasset" 220
"../../../../../WOT/world-of-tank/MyProject/Content/VigilanteContent/Vehicles/West_Tank_M1A1Abrams/Materials/Textures/T_West_Tank_M1A1Abrams_D_Forest.uasset" 221
"../../../../../WOT/world-of-tank/MyProject/Content/VigilanteContent/Vehicles/West_Tank_M1A1Abrams/Materials/Textures/T_West_Tank_M1A1Abrams_ARM.uasset" 222
"../../../../../WOT/world-of-tank/MyProject/Content/VigilanteContent/Vehicles/West_Tank_M1A1Abrams/Materials/MI_West_Tank_M1A1Abrams.uasset" 223
"../../../../../WOT/world-of-tank/MyProject/Content/VigilanteContent/Vehicles/West_Tank_M1A1Abrams/Materials/Textures/T_West_Tank_M1A1Abrams_Track_N.uasset" 224
"../../../../../WOT/world-of-tank/MyProject/Content/VigilanteContent/Vehicles/West_Tank_M1A1Abrams/Materials/Textures/T_West_Tank_M1A1Abrams_Track_D.uasset" 225
"../../../../../WOT/world-of-tank/MyProject/Content/VigilanteContent/Vehicles/West_Tank_M1A1Abrams/Materials/Textures/T_West_Tank_M1A1Abrams_Track_ARM.uasset" 226
"../../../../../WOT/world-of-tank/MyProject/Content/VigilanteContent/Vehicles/West_Tank_M1A1Abrams/Materials/M_West_Tank_M1A1Abrams_Tracks.uasset" 227
"../../../../../WOT/world-of-tank/MyProject/Content/VigilanteContent/Vehicles/West_Tank_M1A1Abrams/SK_West_Tank_M1A1Abrams.uasset" 228
"../../../Engine/Content/EditorBlueprintResources/StandardMacros.uasset" 229
"../../../../../WOT/world-of-tank/MyProject/Content/VigilanteContent/Vehicles/West_Tank_M1A1Abrams/ABP_West_Tank_M1A1Abrams.uasset" 230
"../../../../../WOT/world-of-tank/MyProject/Content/VigilanteContent/Vehicles/GAS/Fire/GE_Deal_Damage.uasset" 231
"../../../../../WOT/world-of-tank/MyProject/Content/VigilanteContent/Vehicles/GAS/Fire/FireAbility.uasset" 232
"../../../../../WOT/world-of-tank/MyProject/Content/VigilanteContent/Vehicles/GAS/ChangeDamage/HE_Item/GE_ChangeToHE_Damage.uasset" 233
"../../../../../WOT/world-of-tank/MyProject/Content/VigilanteContent/Vehicles/GAS/ChangeDamage/HE_Item/GA_ChangeToHE_Damage.uasset" 234
"../../../../../WOT/world-of-tank/MyProject/Content/VigilanteContent/Vehicles/GAS/ChangeDamage/AP_Item/GE_ChangeToAP_Damage.uasset" 235
"../../../../../WOT/world-of-tank/MyProject/Content/VigilanteContent/Vehicles/GAS/ChangeDamage/AP_Item/GA_ChangeToAP_Damage.uasset" 236
"../../../../../WOT/world-of-tank/MyProject/Content/VigilanteContent/Vehicles/GAS/ChangeDamage/APCR_Item/GE_ChangeToAPCR_Damage.uasset" 237
"../../../../../WOT/world-of-tank/MyProject/Content/VigilanteContent/Vehicles/GAS/ChangeDamage/APCR_Item/GA_ChangeToAPCR_Damage.uasset" 238
"../../../../../WOT/world-of-tank/MyProject/Content/VigilanteContent/Vehicles/GAS/Armor/GE_Amor_BuffRemove.uasset" 239
"../../../../../WOT/world-of-tank/MyProject/Content/VigilanteContent/Vehicles/GAS/Armor/GE_Amor_Buff.uasset" 240
"../../../../../WOT/world-of-tank/MyProject/Content/VigilanteContent/Vehicles/GAS/Armor/ArmorAbility.uasset" 241
"../../../../../WOT/world-of-tank/MyProject/Content/VigilanteContent/Vehicles/GAS/GE_AttributDefault.uasset" 242
"../../../../../WOT/world-of-tank/MyProject/Content/VigilanteContent/Vehicles/AI/AI_BlackboardData.uasset" 243
"../../../../../WOT/world-of-tank/MyProject/Content/VigilanteContent/Vehicles/AI/AI_Attack.uasset" 244
"../../../../../WOT/world-of-tank/MyProject/Content/VigilanteContent/Vehicles/AI/AI_Patrol.uasset" 245
"../../../../../WOT/world-of-tank/MyProject/Content/VigilanteContent/Vehicles/AI/AI_BehaviorTree.uasset" 246
"../../../../../WOT/world-of-tank/MyProject/Content/VigilanteContent/Vehicles/AI/Path.uasset" 247
"../../../../../WOT/world-of-tank/MyProject/Content/VigilanteContent/Vehicles/AI/BP_TankAIController.uasset" 248
"../../../../../WOT/world-of-tank/MyProject/Content/TankBase/BluePrints/UI/HpBar.uasset" 249
"../../../../../WOT/world-of-tank/MyProject/Content/TankBase/BluePrints/Tank/PhysMaterial/TankPhysicalMaterial.uasset" 250
"../../../../../WOT/world-of-tank/MyProject/Content/InventorySystems/Texture/201306301447106758.uasset" 251
"../../../../../WOT/world-of-tank/MyProject/Content/InventorySystems/Texture/201306301447103724.uasset" 252
"../../../../../WOT/world-of-tank/MyProject/Content/InventorySystems/Texture/201306301447097418.uasset" 253
"../../../../../WOT/world-of-tank/MyProject/Content/InventorySystems/UI/InventoryUI.uasset" 254
"../../../../../WOT/world-of-tank/MyProject/Content/Explosions/Textures/Smoke1b_2K.uasset" 255
"../../../../../WOT/world-of-tank/MyProject/Content/Explosions/Mats/Smoke2_M.uasset" 256
"../../../../../WOT/world-of-tank/MyProject/Content/Explosions/Particles/P_Smoke2.uasset" 257
"../../../../../WOT/world-of-tank/MyProject/Content/Explosions/VF/Fireball1_VF16.uasset" 258
"../../../../../WOT/world-of-tank/MyProject/Content/Explosions/Mesh/shockball3.uasset" 259
"../../../../../WOT/world-of-tank/MyProject/Content/Explosions/Textures/SquareSpark2.uasset" 260
"../../../../../WOT/world-of-tank/MyProject/Content/Explosions/Mats/ThickSpark_M.uasset" 261
"../../../../../WOT/world-of-tank/MyProject/Content/Explosions/Textures/Mushroom1top_2K.uasset" 262
"../../../../../WOT/world-of-tank/MyProject/Content/Explosions/Mats/Explosive11_M.uasset" 263
"../../../../../WOT/world-of-tank/MyProject/Content/Explosions/Textures/water_n.uasset" 264
"../../../../../WOT/world-of-tank/MyProject/Content/Explosions/Textures/smoothNormalSphere.uasset" 265
"../../../../../WOT/world-of-tank/MyProject/Content/Explosions/Mats/Distortion2.uasset" 266
"../../../../../WOT/world-of-tank/MyProject/Content/Explosions/Particles/P_ImpactExplosion2.uasset" 267
"../../../../../WOT/world-of-tank/MyProject/Content/VigilanteContent/Vehicles/West_Tank_M1A1Abrams/BP_West_Tank_M1A1Abrams.uasset" 268
"../../../../../WOT/world-of-tank/MyProject/Content/TankBase/BluePrints/Tank/Controller/BP_TankGameModeBase.uasset" 269
"../../../../../WOT/world-of-tank/MyProject/Content/TankBase/BluePrints/Tank/Controller/BP_TankPlayerController.uasset" 270
"../../../../../WOT/world-of-tank/MyProject/Content/TankBase/BluePrints/TankUI/HpBar.uasset" 271
"../../../../../WOT/world-of-tank/MyProject/Content/TankBase/BluePrints/UI/MainUI.uasset" 272
"../../../../../WOT/world-of-tank/MyProject/Content/TankBase/UI/CreateRoom.uasset" 273
"../../../../../WOT/world-of-tank/MyProject/Content/TankBase/UI/Game_Start.uasset" 274
"../../../../../WOT/world-of-tank/MyProject/Content/TankBase/UI/PlayerGroup.uasset" 275
"../../../../../WOT/world-of-tank/MyProject/Content/TankBase/UI/UI_JoinRoom.uasset" 276
"../../../../../WOT/world-of-tank/MyProject/Content/VigilanteContent/Shared/HUD/BP_ShowcaseHidden.uasset" 277
"../../../../../WOT/world-of-tank/MyProject/Content/VigilanteContent/Shared/Materials/M_Master_Glass.uasset" 278
"../../../../../WOT/world-of-tank/MyProject/Content/VigilanteContent/Shared/Materials/M_Master_Glass_ARM_N.uasset" 279
"../../../../../WOT/world-of-tank/MyProject/Content/VigilanteContent/Shared/Particles/Materials/MasterMaterials/M_2X2_SubUV_MuzzleFlash_R.uasset" 280
"../../../../../WOT/world-of-tank/MyProject/Content/VigilanteContent/Shared/Particles/Textures/Smoke/T_Smoke_Variation_01_CH.uasset" 281
"../../../../../WOT/world-of-tank/MyProject/Content/VigilanteContent/Shared/Particles/Textures/Smoke/T_2X2_Smokes_01_CH.uasset" 282
"../../../../../WOT/world-of-tank/MyProject/Content/VigilanteContent/Shared/Particles/Materials/MasterMaterials/M_2X2_SubUV_Smokes_01_M.uasset" 283
"../../../../../WOT/world-of-tank/MyProject/Content/VigilanteContent/Shared/Particles/Textures/MuzzleFlash/T_4X1_MuzzleSide_01_CH.uasset" 284
"../../../../../WOT/world-of-tank/MyProject/Content/VigilanteContent/Shared/Particles/Materials/MasterMaterials/M_4X1_SubUV_MuzzleFlash_G.uasset" 285
"../../../../../WOT/world-of-tank/MyProject/Content/VigilanteContent/Shared/Particles/Materials/MasterMaterials/M_4X1_SubUV_MuzzleFlash_R.uasset" 286
"../../../../../WOT/world-of-tank/MyProject/Content/VigilanteContent/Shared/Particles/Textures/Engine/T_Stencil_Sphere_Ring_CH_01.uasset" 287
"../../../../../WOT/world-of-tank/MyProject/Content/VigilanteContent/Shared/Particles/Textures/Engine/T_Cone_EngineBooster_01_CH.uasset" 288
"../../../../../WOT/world-of-tank/MyProject/Content/VigilanteContent/Shared/Particles/Materials/MasterMaterials/M_Cone_Engine_01_M.uasset" 289
"../../../../../WOT/world-of-tank/MyProject/Content/VigilanteContent/Shared/Particles/Materials/MasterMaterials/M_Cone_Engine_02_M.uasset" 290
"../../../../../WOT/world-of-tank/MyProject/Content/VigilanteContent/Shared/Particles/Materials/MasterMaterials/M_Distortion_Master.uasset" 291
"../../../../../WOT/world-of-tank/MyProject/Content/VigilanteContent/Shared/Particles/Materials/MasterMaterials/M_GPU_EngineCore_02_M.uasset" 292
"../../../../../WOT/world-of-tank/MyProject/Content/VigilanteContent/Shared/Particles/Materials/MasterMaterials/M_GPU_EngineCore_03_M.uasset" 293
"../../../../../WOT/world-of-tank/MyProject/Content/VigilanteContent/Shared/Particles/Textures/Smoke/T_SoftSmoke_Centered_a.uasset" 294
"../../../../../WOT/world-of-tank/MyProject/Content/VigilanteContent/Shared/Particles/Materials/MasterMaterials/Smoke/M_SoftSmokeCentered_VL_01.uasset" 295
"../../../../../WOT/world-of-tank/MyProject/Content/VigilanteContent/Shared/Particles/Materials/MasterMaterials/Smoke/M_WheelDust.uasset" 296
"../../../../../WOT/world-of-tank/MyProject/Content/VigilanteContent/Shared/Particles/ParticleSystems/PS_WheelFX_GenericTank.uasset" 297
"../../../Engine/Content/EngineMaterials/WorldGridMaterial.uasset" 298
"../../../../../WOT/world-of-tank/MyProject/Content/VigilanteContent/Shared/Particles/StaticMeshes/SM_AfterBurner_Cylinder.uasset" 299
"../../../../../WOT/world-of-tank/MyProject/Content/VigilanteContent/Shared/Particles/StaticMeshes/SM_RocketBooster_02_SM.uasset" 300
"../../../../../WOT/world-of-tank/MyProject/Content/VigilanteContent/Shared/Particles/StaticMeshes/SM_RocketBooster_03_SM.uasset" 301
"../../../../../WOT/world-of-tank/MyProject/Content/VigilanteContent/Shared/Showcase/Interfaces/ShowcaseControlsInterface.uasset" 302
"../../../../../WOT/world-of-tank/MyProject/Content/VigilanteContent/Shared/Showcase/Component/FTwinSliderControls.uasset" 303
"../../../../../WOT/world-of-tank/MyProject/Content/VigilanteContent/Shared/Showcase/Component/FSliderControls.uasset" 304
"../../../../../WOT/world-of-tank/MyProject/Content/VigilanteContent/Shared/Showcase/Component/FSeparator.uasset" 305
"../../../../../WOT/world-of-tank/MyProject/Content/VigilanteContent/Shared/Showcase/Component/FCheckboxControls.uasset" 306
"../../../../../WOT/world-of-tank/MyProject/Content/VigilanteContent/Shared/Showcase/Component/FButtonsControls.uasset" 307
"../../../../../WOT/world-of-tank/MyProject/Content/VigilanteContent/Shared/Showcase/Interfaces/ShowcaseSetupInterface.uasset" 308
"../../../../../WOT/world-of-tank/MyProject/Content/VigilanteContent/Vehicles/West_Tank_M1A1Abrams/FX/PS_ShockWave_M1A1Abrams.uasset" 309
"../../../Engine/Content/ArtTools/RenderToTexture/Meshes/S_1_Unit_Plane.uasset" 310
"../../../Engine/Content/BasicShapes/Cone.uasset" 311
"../../../Engine/Content/BasicShapes/Plane.uasset" 312
"../../../Engine/Content/EditorLandscapeResources/DataLayer.uasset" 313
"../../../Engine/Content/EditorLandscapeResources/DefaultAlphaTexture.uasset" 314
"../../../Engine/Content/EditorMaterials/MAT_Groups_Toggle.uasset" 315
"../../../Engine/Content/EditorMaterials/MAT_Groups_Visibility.uasset" 316
"../../../Engine/Content/EditorMaterials/PreviewShadowIndicator.uasset" 317
"../../../Engine/Content/EditorMaterials/PreviewShadowIndicatorMaterial.uasset" 318
"../../../Engine/Content/EditorMaterials/MatineeGroups/MAT_ColorTrack.uasset" 319
"../../../Engine/Content/EditorMaterials/MatineeGroups/MAT_Groups_Anim.uasset" 320
"../../../Engine/Content/EditorMaterials/MatineeGroups/MAT_Groups_AudioMaster.uasset" 321
"../../../Engine/Content/EditorMaterials/MatineeGroups/MAT_Groups_Director.uasset" 322
"../../../Engine/Content/EditorMaterials/MatineeGroups/MAT_Groups_Event.uasset" 323
"../../../Engine/Content/EditorMaterials/MatineeGroups/MAT_Groups_Fade.uasset" 324
"../../../Engine/Content/EditorMaterials/MatineeGroups/MAT_Groups_Float.uasset" 325
"../../../Engine/Content/EditorMaterials/MatineeGroups/MAT_Groups_Move.uasset" 326
"../../../Engine/Content/EditorMaterials/MatineeGroups/MAT_Groups_Slomo.uasset" 327
"../../../Engine/Content/EditorMaterials/MatineeGroups/MAT_Groups_Sound.uasset" 328
"../../../Engine/Content/EditorMaterials/MatineeGroups/MAT_Groups_Vector.uasset" 329
"../../../Engine/Content/EditorMaterials/ParticleSystems/PSysThumbnail_NoImage.uasset" 330
"../../../Engine/Content/EditorMaterials/ParticleSystems/PSysThumbnail_OOD.uasset" 331
"../../../Engine/Content/EditorMaterials/Camera/CineMat.uasset" 332
"../../../Engine/Content/EditorMaterials/Camera/MI_CineMat_Rig.uasset" 333
"../../../Engine/Content/EditorMeshes/Camera/SM_CraneRig_Arm.uasset" 334
"../../../Engine/Content/EditorMeshes/Camera/SM_CraneRig_Base.uasset" 335
"../../../Engine/Content/EditorMeshes/Camera/SM_CraneRig_Body.uasset" 336
"../../../Engine/Content/EditorMeshes/Camera/SM_CraneRig_Mount.uasset" 337
"../../../Engine/Content/EditorMeshes/Camera/SM_RailRig_Mount.uasset" 338
"../../../Engine/Content/EditorMeshes/Camera/SM_RailRig_Track.uasset" 339
"../../../Engine/Content/EditorResources/BSPVertex.uasset" 340
"../../../Engine/Content/EditorResources/EmptyActor.uasset" 341
"../../../Engine/Content/EditorResources/S_Actor.uasset" 342
"../../../Engine/Content/EditorResources/S_Note.uasset" 343
"../../../Engine/Content/EditorResources/S_Solver.uasset" 344
"../../../Engine/Content/EditorResources/S_Terrain.uasset" 345
"../../../Engine/Content/EditorResources/S_Trigger.uasset" 346
"../../../Engine/Content/EditorResources/AudioIcons/S_AudioComponent.uasset" 347
"../../../Engine/Content/EditorResources/AudioIcons/S_AudioComponent_AutoActivate.uasset" 348
"../../../Engine/Content/EditorResources/LightIcons/S_LightError.uasset" 349
"../../../Engine/Content/EditorResources/SequenceRecorder/Countdown.uasset" 350
"../../../Engine/Content/EditorResources/SequenceRecorder/RecordingIndicator.uasset" 351
"../../../Engine/Content/EngineDamageTypes/DmgTypeBP_Environmental.uasset" 352
"../../../Engine/Content/EngineDebugMaterials/DebugEditorMaterial.uasset" 353
"../../../Engine/Content/EngineDebugMaterials/DebugMeshMaterial.uasset" 354
"../../../Engine/Content/EngineDebugMaterials/M_SimpleUnlitTranslucent.uasset" 355
"../../../Engine/Content/Functions/Engine_MaterialFunctions02/Utility/CameraDirectionVector.uasset" 356
"../../../Engine/Content/EngineDebugMaterials/VolumeToRender.uasset" 357
"../../../Engine/Content/EngineDebugMaterials/M_VolumeRenderSphereTracePP.uasset" 358
"../../../Engine/Content/Functions/Engine_MaterialFunctions01/Shading/ConvertFromDiffSpec.uasset" 359
"../../../Engine/Content/EngineDebugMaterials/VertexColorMaterial.uasset" 360
"../../../Engine/Content/EngineDebugMaterials/WireframeMaterial.uasset" 361
"../../../Engine/Content/EngineFonts/Faces/RobotoRegular.uasset" 362
"../../../Engine/Content/EngineFonts/Faces/RobotoLight.uasset" 363
"../../../Engine/Content/EngineFonts/Faces/RobotoItalic.uasset" 364
"../../../Engine/Content/EngineFonts/Faces/RobotoBoldItalic.uasset" 365
"../../../Engine/Content/EngineFonts/Faces/RobotoBold.uasset" 366
"../../../Engine/Content/EngineFonts/Faces/DroidSansFallback.uasset" 367
"../../../Engine/Content/EngineFonts/Roboto.uasset" 368
"../../../Engine/Content/EngineMaterials/BaseFlattenNormalMap.uasset" 369
"../../../Engine/Content/EngineMaterials/BaseFlattenGrayscaleMap.uasset" 370
"../../../Engine/Content/EngineMaterials/BaseFlattenEmissiveMap.uasset" 371
"../../../Engine/Content/EngineMaterials/BaseFlattenDiffuseMap.uasset" 372
"../../../Engine/Content/EngineMaterials/BaseFlattenMaterial.uasset" 373
"../../../Engine/Content/EngineMaterials/BlueNoise.uasset" 374
"../../../Engine/Content/EngineMaterials/DefaultBloomKernel.uasset" 375
"../../../Engine/Content/EngineMaterials/DefaultBokeh.uasset" 376
"../../../Engine/Content/EngineMaterials/DefaultDiffuse.uasset" 377
"../../../Engine/Content/EngineMaterials/DefaultDeferredDecalMaterial.uasset" 378
"../../../Engine/Content/EngineMaterials/DefaultLightFunctionMaterial.uasset" 379
"../../../Engine/Content/Functions/Engine_MaterialFunctions02/Utility/BreakOutFloat2Components.uasset" 380
"../../../Engine/Content/EngineMaterials/DefaultPostProcessMaterial.uasset" 381
"../../../Engine/Content/EngineFonts/RobotoDistanceField.uasset" 382
"../../../Engine/Content/EngineMaterials/DefaultTextMaterialOpaque.uasset" 383
"../../../Engine/Content/EngineMaterials/DefaultWhiteGrid.uasset" 384
"../../../Engine/Content/EngineMaterials/DefaultWhiteGrid_Low.uasset" 385
"../../../Engine/Content/EngineMaterials/EmissiveMeshMaterial.uasset" 386
"../../../Engine/Content/EngineMaterials/GizmoMaterial.uasset" 387
"../../../Engine/Content/EngineMaterials/Good64x64TilingNoiseHighFreq.uasset" 388
"../../../Engine/Content/EngineMaterials/MiniFont.uasset" 389
"../../../Engine/Content/EngineMaterials/InvalidLightmapSettings.uasset" 390
"../../../Engine/Content/EngineMaterials/M_InvalidLightmapSettings.uasset" 391
"../../../Engine/Content/Functions/Engine_MaterialFunctions02/WorldPositionOffset/CameraOffset.uasset" 392
"../../../Engine/Content/EngineMaterials/PhAT_JointLimitMaterial.uasset" 393
"../../../Engine/Content/EngineMaterials/PreintegratedSkinBRDF.uasset" 394
"../../../Engine/Content/EngineMaterials/RemoveSurfaceMaterial.uasset" 395
"../../../Engine/Content/EngineMaterials/WeightMapPlaceholderTexture.uasset" 396
"../../../Engine/Content/EngineResources/WhiteSquareTexture.uasset" 397
"../../../Engine/Content/EngineMaterials/Widget3DPassThrough.uasset" 398
"../../../Engine/Content/EngineMaterials/Widget3DPassThrough_Masked.uasset" 399
"../../../Engine/Content/EngineMaterials/Widget3DPassThrough_Opaque.uasset" 400
"../../../Engine/Content/EngineMaterials/Widget3DPassThrough_Masked_OneSided.uasset" 401
"../../../Engine/Content/EngineMaterials/Widget3DPassThrough_Opaque_OneSided.uasset" 402
"../../../Engine/Content/EngineMaterials/Widget3DPassThrough_Translucent.uasset" 403
"../../../Engine/Content/EngineMaterials/Widget3DPassThrough_Translucent_OneSided.uasset" 404
"../../../Engine/Content/EngineMeshes/Cylinder.uasset" 405
"../../../Engine/Content/EngineMeshes/Sphere.uasset" 406
"../../../Engine/Content/EngineResources/Black.uasset" 407
"../../../Engine/Content/EngineResources/DefaultTextureCube.uasset" 408
"../../../Engine/Content/EngineResources/DefaultVolumeTexture2D.uasset" 409
"../../../Engine/Content/EngineResources/DefaultVolumeTexture.uasset" 410
"../../../Engine/Content/EngineResources/GradientTexture0.uasset" 411
"../../../Engine/Content/EngineSky/VolumetricClouds/T_NoiseShape64.uasset" 412
"../../../Engine/Content/EngineSky/VolumetricClouds/T_VolumeNoiseShape64.uasset" 413
"../../../Engine/Content/EngineSky/VolumetricClouds/T_NoiseErosion.uasset" 414
"../../../Engine/Content/EngineSky/VolumetricClouds/T_VolumeNoiseErosion32.uasset" 415
"../../../Engine/Content/Functions/Engine_MaterialFunctions02/Utility/MakeFloat2.uasset" 416
"../../../Engine/Content/EngineSky/VolumetricClouds/CloudWeatherTexture.uasset" 417
"../../../Engine/Content/EngineSky/VolumetricClouds/CloudGradientTexture.uasset" 418
"../../../Engine/Content/EngineSky/VolumetricClouds/m_SimpleVolumetricCloud.uasset" 419
"../../../Engine/Content/EngineSky/VolumetricClouds/m_SimpleVolumetricCloud_Inst.uasset" 420
"../../../Engine/Content/EngineSounds/Master.uasset" 421
"../../../Engine/Content/Functions/Engine_MaterialFunctions01/Shading/PowerToRoughness.uasset" 422
"../../../Engine/Content/Maps/Templates/Thumbnails/Default.uasset" 423
"../../../Engine/Content/Maps/Templates/Thumbnails/TimeOfDay.uasset" 424
"../../../Engine/Content/Maps/Templates/Thumbnails/VR-Basic.uasset" 425
"../../../Engine/Content/MobileResources/T_MobileControls_texture.uasset" 426
"../../../Engine/Content/MobileResources/T_MobileMenu2.uasset" 427
"../../../Engine/Content/MobileResources/HUD/AnalogHat.uasset" 428
"../../../Engine/Content/MobileResources/HUD/VirtualJoystick_Thumb.uasset" 429
"../../../Engine/Content/MobileResources/HUD/VirtualJoystick_Background.uasset" 430
"../../../Engine/Content/MobileResources/HUD/DefaultVirtualJoysticks.uasset" 431
"../../../Engine/Content/MobileResources/HUD/LeftVirtualJoystickOnly.uasset" 432
"../../../Engine/Content/MobileResources/HUD/MobileHUDButton1_off.uasset" 433
"../../../Engine/Content/MobileResources/HUD/MobileHUDButton1_on.uasset" 434
"../../../Engine/Content/MobileResources/HUD/MobileHUDButton2_off.uasset" 435
"../../../Engine/Content/MobileResources/HUD/MobileHUDButton2_on.uasset" 436
"../../../Engine/Content/MobileResources/HUD/MobileHUDButton3.uasset" 437
"../../../Engine/Content/MobileResources/HUD/MobileHUDButtonFire.uasset" 438
"../../../Engine/Content/MobileResources/HUD/MobileHUDDirectionPad.uasset" 439
"../../../Engine/Content/MobileResources/HUD/MobileHUDDirectionPad2.uasset" 440
"../../../Engine/Content/MobileResources/HUD/MobileHUDDirectionPad3.uasset" 441
"../../../Engine/Content/MobileResources/HUD/MobileHUDDirectionStick.uasset" 442
"../../../Engine/Content/MobileResources/HUD/T_Castle_ThumbstickInner.uasset" 443
"../../../Engine/Content/MobileResources/HUD/T_Castle_ThumbstickOutter.uasset" 444
"../../../Engine/Content/Tutorial/ContentIntroCurve.uasset" 445
"../../../Engine/Content/Tutorial/Basics/LevelEditorAttract.uasset" 446
"../../../Engine/Content/VREditor/TransformGizmo/TranslucentTransformGizmoMaterial.uasset" 447
"../../../Engine/Content/VREditor/LaserPointer/VR_LaserPower_01.uasset" 448
"../../../Engine/Content/VREditor/TransformGizmo/TransformGizmoMaterial.uasset" 449
"../../../Engine/Content/VREditor/TransformGizmo/BoundingBoxCorner.uasset" 450
"../../../Engine/Content/VREditor/TransformGizmo/BoundingBoxEdge.uasset" 451
"../../../Engine/Content/VREditor/TransformGizmo/PlaneTranslationHandle.uasset" 452
"../../../Engine/Content/VREditor/TransformGizmo/Xray.uasset" 453
"../../../Engine/Content/VREditor/TransformGizmo/Main.uasset" 454
"../../../Engine/Content/VREditor/TransformGizmo/SM_Sequencer_Key.uasset" 455
"../../../Engine/Content/VREditor/TransformGizmo/SM_Sequencer_Node.uasset" 456
"../../Plugins/2D/Paper2D/Content/PlaceholderTextures/DummySpriteTexture.uasset" 457
"../../Plugins/2D/Paper2D/Content/DummySprite.uasset" 458
"../../Plugins/2D/Paper2D/Content/DefaultPaperTerrainMaterial.uasset" 459
"../../Plugins/2D/Paper2D/Content/DefaultSpriteMaterial.uasset" 460
"../../Plugins/2D/Paper2D/Content/MaskedUnlitSpriteMaterial.uasset" 461
"../../Plugins/2D/Paper2D/Content/OpaqueUnlitSpriteMaterial.uasset" 462
"../../../Engine/Content/Functions/Engine_MaterialFunctions02/Utility/BreakOutFloat3Components.uasset" 463
"../../Plugins/Editor/SpeedTreeImporter/Content/SpeedTree9/UnpackInteger3.uasset" 464
"../../Plugins/Editor/SpeedTreeImporter/Content/SpeedTree9/UnpackDirection.uasset" 465
"../../Plugins/Editor/SpeedTreeImporter/Content/SpeedTree9/game_wind_noise.uasset" 466
"../../../Engine/Content/Functions/Engine_MaterialFunctions02/SafeNormalize.uasset" 467
"../../Plugins/Editor/SpeedTreeImporter/Content/SpeedTree9/SpeedTreeWindMotion.uasset" 468
"../../Plugins/Editor/SpeedTreeImporter/Content/SpeedTree9/SpeedTreeBranchMotion.uasset" 469
"../../../Engine/Content/Functions/Engine_MaterialFunctions02/ObjectLocalBounds.uasset" 470
"../../../Engine/Content/Functions/Engine_MaterialFunctions02/UVs/BoundingBoxBased_0-1_UVW.uasset" 471
"../../Plugins/Editor/SpeedTreeImporter/Content/SpeedTree9/SpeedTreeWind.uasset" 472
"../../Plugins/Editor/SpeedTreeImporter/Content/SpeedTree9/SpeedTreeBillboard.uasset" 473
"../../../Engine/Content/EngineResources/DefaultTexture.uasset" 474
"../../Plugins/Editor/SpeedTreeImporter/Content/SpeedTree9/SpeedTreeBillboardMaster.uasset" 475
"../../Plugins/Editor/SpeedTreeImporter/Content/SpeedTree9/SpeedTreeCameraFacing.uasset" 476
"../../Plugins/Editor/SpeedTreeImporter/Content/SpeedTree9/SpeedTreeMaster.uasset" 477
"../../../Engine/Content/BasicShapes/Cylinder.uasset" 478
"../../../Engine/Content/ArtTools/RenderToTexture/Materials/Debug/M_Emissive_Color.uasset" 479
"../../Plugins/Lumin/MagicLeapPassableWorld/Content/MagicLeapARPinInfoActor.uasset" 480
"../../../Engine/Content/Functions/Engine_MaterialFunctions02/Utility/MakeFloat3.uasset" 481
"../../../Engine/Content/Functions/Engine_MaterialFunctions02/Utility/BreakOutFloat4Components.uasset" 482
"../../Plugins/Runtime/Oculus/OculusVR/Content/Materials/OculusMR_ChromaKey.uasset" 483
"../../Plugins/Runtime/Oculus/OculusVR/Content/Materials/OculusMR_OpaqueColoredMaterial.uasset" 484
"../../Plugins/Runtime/Oculus/OculusVR/Content/Materials/PokeAHoleMaterial.uasset" 485
"../../../../../WOT/world-of-tank/MyProject/Content/Explosions/Particles/P_SparksFlair.uasset" 486
"../../../../../WOT/world-of-tank/MyProject/Content/Explosions/Textures/smokeblack1_2K.uasset" 487
"../../../../../WOT/world-of-tank/MyProject/Content/Explosions/Mats/Smoke7_M.uasset" 488
"../../../../../WOT/world-of-tank/MyProject/Content/Explosions/Particles/P_Smoke7.uasset" 489
"../../../../../WOT/world-of-tank/MyProject/Content/Explosions/Textures/Smoke2c_2K.uasset" 490
"../../../../../WOT/world-of-tank/MyProject/Content/Explosions/Mats/Smoke6_M.uasset" 491
"../../../../../WOT/world-of-tank/MyProject/Content/Explosions/Particles/P_Smoke6.uasset" 492
"../../../../../WOT/world-of-tank/MyProject/Content/Explosions/Textures/Smoke2b_2K.uasset" 493
"../../../../../WOT/world-of-tank/MyProject/Content/Explosions/Mats/Smoke5_M.uasset" 494
"../../../../../WOT/world-of-tank/MyProject/Content/Explosions/Particles/P_Smoke5.uasset" 495
"../../../../../WOT/world-of-tank/MyProject/Content/Explosions/Textures/Smoke2a_2K.uasset" 496
"../../../../../WOT/world-of-tank/MyProject/Content/Explosions/Mats/Smoke4_M.uasset" 497
"../../../../../WOT/world-of-tank/MyProject/Content/Explosions/Particles/P_Smoke4.uasset" 498
"../../../../../WOT/world-of-tank/MyProject/Content/Explosions/Textures/Smoke1c_2k.uasset" 499
"../../../../../WOT/world-of-tank/MyProject/Content/Explosions/Mats/Smoke3_M.uasset" 500
"../../../../../WOT/world-of-tank/MyProject/Content/Explosions/Particles/P_Smoke3.uasset" 501
"../../../../../WOT/world-of-tank/MyProject/Content/Explosions/Textures/Smoke1a_2K.uasset" 502
"../../../../../WOT/world-of-tank/MyProject/Content/Explosions/Mats/Smoke1_M.uasset" 503
"../../../../../WOT/world-of-tank/MyProject/Content/Explosions/Particles/P_Smoke1.uasset" 504
"../../../../../WOT/world-of-tank/MyProject/Content/Explosions/Mesh/shockdome2.uasset" 505
"../../../../../WOT/world-of-tank/MyProject/Content/Explosions/Particles/P_shockwave9.uasset" 506
"../../../../../WOT/world-of-tank/MyProject/Content/Explosions/Mesh/shockwavetoruscrackled.uasset" 507
"../../../../../WOT/world-of-tank/MyProject/Content/Explosions/Particles/P_shockwave8.uasset" 508
"../../../../../WOT/world-of-tank/MyProject/Content/Explosions/Mesh/shockwavedomedn.uasset" 509
"../../../../../WOT/world-of-tank/MyProject/Content/Explosions/Particles/P_shockwave7.uasset" 510
"../../../../../WOT/world-of-tank/MyProject/Content/Explosions/Mesh/shockcracklepoles2.uasset" 511
"../../../../../WOT/world-of-tank/MyProject/Content/Explosions/Particles/P_shockwave6.uasset" 512
"../../../../../WOT/world-of-tank/MyProject/Content/Explosions/Mesh/disc2.uasset" 513
"../../../../../WOT/world-of-tank/MyProject/Content/Explosions/Particles/P_shockwave5.uasset" 514
"../../../../../WOT/world-of-tank/MyProject/Content/Explosions/Mesh/disc1.uasset" 515
"../../../../../WOT/world-of-tank/MyProject/Content/Explosions/Particles/P_shockwave4.uasset" 516
"../../../../../WOT/world-of-tank/MyProject/Content/Explosions/Mesh/brokenwave2.uasset" 517
"../../../../../WOT/world-of-tank/MyProject/Content/Explosions/Particles/P_shockwave3.uasset" 518
"../../../../../WOT/world-of-tank/MyProject/Content/Explosions/Mesh/brokenwave1.uasset" 519
"../../../../../WOT/world-of-tank/MyProject/Content/Explosions/Mats/Shocktorus_r.uasset" 520
"../../../../../WOT/world-of-tank/MyProject/Content/Explosions/Particles/P_shockwave2.uasset" 521
"../../../../../WOT/world-of-tank/MyProject/Content/Explosions/Particles/P_shockwave14.uasset" 522
"../../../../../WOT/world-of-tank/MyProject/Content/Explosions/Mesh/shockball2.uasset" 523
"../../../../../WOT/world-of-tank/MyProject/Content/Explosions/Particles/P_shockwave13.uasset" 524
"../../../../../WOT/world-of-tank/MyProject/Content/Explosions/Mesh/shockball1.uasset" 525
"../../../../../WOT/world-of-tank/MyProject/Content/Explosions/Particles/P_shockwave12.uasset" 526
"../../../../../WOT/world-of-tank/MyProject/Content/Explosions/Mesh/shockdome3.uasset" 527
"../../../../../WOT/world-of-tank/MyProject/Content/Explosions/Particles/P_shockwave11.uasset" 528
"../../../../../WOT/world-of-tank/MyProject/Content/Explosions/Particles/P_shockwave10.uasset" 529
"../../../../../WOT/world-of-tank/MyProject/Content/Explosions/Mesh/shockwavetorus.uasset" 530
"../../../../../WOT/world-of-tank/MyProject/Content/Explosions/Particles/P_shockwave1.uasset" 531
"../../../../../WOT/world-of-tank/MyProject/Content/Explosions/Textures/Explodebase1_2k.uasset" 532
"../../../../../WOT/world-of-tank/MyProject/Content/Explosions/Mats/Explodebase1_Mat.uasset" 533
"../../../../../WOT/world-of-tank/MyProject/Content/Explosions/Mats/Distortion1.uasset" 534
"../../../../../WOT/world-of-tank/MyProject/Content/Explosions/Textures/burstflare1.uasset" 535
"../../../../../WOT/world-of-tank/MyProject/Content/Explosions/Mats/burstflare1_Mat.uasset" 536
"../../../../../WOT/world-of-tank/MyProject/Content/Explosions/Particles/P_RBExplode.uasset" 537
"../../../../../WOT/world-of-tank/MyProject/Content/Explosions/Particles/P_LeadersRing.uasset" 538
"../../../../../WOT/world-of-tank/MyProject/Content/Explosions/Particles/P_Leaders.uasset" 539
"../../../../../WOT/world-of-tank/MyProject/Content/Explosions/Textures/Fire2a_2k.uasset" 540
"../../../../../WOT/world-of-tank/MyProject/Content/Explosions/Mats/Fire1_M.uasset" 541
"../../../../../WOT/world-of-tank/MyProject/Content/Explosions/Particles/P_Jets1.uasset" 542
"../../../../../WOT/world-of-tank/MyProject/Content/Explosions/Textures/Fire2d_2k.uasset" 543
"../../../../../WOT/world-of-tank/MyProject/Content/Explosions/Mats/Fire4_M.uasset" 544
"../../../../../WOT/world-of-tank/MyProject/Content/Explosions/Textures/Fireballs1SideB_2K.uasset" 545
"../../../../../WOT/world-of-tank/MyProject/Content/Explosions/Mats/Explosive6_M.uasset" 546
"../../../../../WOT/world-of-tank/MyProject/Content/Explosions/Textures/Explodebase1Top_2K.uasset" 547
"../../../../../WOT/world-of-tank/MyProject/Content/Explosions/Mats/Explosive2_M.uasset" 548
"../../../../../WOT/world-of-tank/MyProject/Content/Explosions/Particles/P_ImpactExplosion8.uasset" 549
"../../../../../WOT/world-of-tank/MyProject/Content/Explosions/Textures/Fire4b_2k.uasset" 550
"../../../../../WOT/world-of-tank/MyProject/Content/Explosions/Mats/Fire6_M.uasset" 551
"../../../../../WOT/world-of-tank/MyProject/Content/Explosions/Particles/P_ImpactExplosion7.uasset" 552
"../../../../../WOT/world-of-tank/MyProject/Content/Explosions/Textures/Mushroom1Side1_2K.uasset" 553
"../../../../../WOT/world-of-tank/MyProject/Content/Explosions/Mats/Explosive9_M.uasset" 554
"../../../../../WOT/world-of-tank/MyProject/Content/Explosions/Textures/Burst1.uasset" 555
"../../../../../WOT/world-of-tank/MyProject/Content/Explosions/Mats/Burst1.uasset" 556
"../../../../../WOT/world-of-tank/MyProject/Content/Explosions/Particles/P_ImpactExplosion6.uasset" 557
"../../../../../WOT/world-of-tank/MyProject/Content/Explosions/DemoRoom/Textures/T_Pattern_M.uasset" 558
"../../../../../WOT/world-of-tank/MyProject/Content/Explosions/DemoRoom/Textures/T_UnrealEngineDecal.uasset" 559
"../../../../../WOT/world-of-tank/MyProject/Content/Explosions/DemoRoom/Materials/M_DemoWallPattern.uasset" 560
"../../../../../WOT/world-of-tank/MyProject/Content/Explosions/DemoRoom/Materials/M_DemoWallPattern_Inst.uasset" 561
"../../../../../WOT/world-of-tank/MyProject/Content/Explosions/DemoRoom/Materials/M_DemoWallPattern_Inst_Mirrored.uasset" 562
"../../../../../WOT/world-of-tank/MyProject/Content/Explosions/DemoRoom/Textures/T_RoomTiles_M.uasset" 563
"../../../../../WOT/world-of-tank/MyProject/Content/Explosions/DemoRoom/Textures/T_RoomTiles_N.uasset" 564
"../../../../../WOT/world-of-tank/MyProject/Content/Explosions/DemoRoom/Materials/M_DemoRoomTiles.uasset" 565
"../../../../../WOT/world-of-tank/MyProject/Content/Explosions/DemoRoom/Materials/M_DemoRoomTiles_Inst.uasset" 566
"../../../../../WOT/world-of-tank/MyProject/Content/Explosions/DemoRoom/Materials/M_Glass.uasset" 567
"../../../../../WOT/world-of-tank/MyProject/Content/Explosions/DemoRoom/Materials/DefaultTextMaterialTranslucentUnlit.uasset" 568
"../../../../../WOT/world-of-tank/MyProject/Content/Explosions/DemoRoom/Materials/M_DemoWallPattern_NoText.uasset" 569
"../../../../../WOT/world-of-tank/MyProject/Content/Explosions/DemoRoom/Materials/M_Glass_Inst.uasset" 570
"../../../../../WOT/world-of-tank/MyProject/Content/Explosions/DemoRoom/BluePrints/BP_DemoRoom_Enum.uasset" 571
"../../../../../WOT/world-of-tank/MyProject/Content/Explosions/DemoRoom/Materials/M_DemoWall_Inst.uasset" 572
"../../../../../WOT/world-of-tank/MyProject/Content/Explosions/DemoRoom/Materials/M_DemoWall_Inst_3.uasset" 573
"../../../../../WOT/world-of-tank/MyProject/Content/Explosions/DemoRoom/Meshes/SM_DemoDivider_1.uasset" 574
"../../../../../WOT/world-of-tank/MyProject/Content/Explosions/DemoRoom/Meshes/SM_DemoDivider_2.uasset" 575
"../../../../../WOT/world-of-tank/MyProject/Content/Explosions/DemoRoom/Meshes/SM_DemoRoomBackWall.uasset" 576
"../../../../../WOT/world-of-tank/MyProject/Content/Explosions/DemoRoom/Materials/M_DemoWall_MattPlastic.uasset" 577
"../../../../../WOT/world-of-tank/MyProject/Content/Explosions/DemoRoom/Meshes/SM_DemoRoomBackWall2.uasset" 578
"../../../../../WOT/world-of-tank/MyProject/Content/Explosions/DemoRoom/Materials/M_LightTube.uasset" 579
"../../../../../WOT/world-of-tank/MyProject/Content/Explosions/DemoRoom/Materials/M_LightTube_Inst.uasset" 580
"../../../../../WOT/world-of-tank/MyProject/Content/Explosions/DemoRoom/Meshes/SM_DemoRoomClamp.uasset" 581
"../../../../../WOT/world-of-tank/MyProject/Content/Explosions/DemoRoom/Meshes/SM_DemoRoomClamp2.uasset" 582
"../../../../../WOT/world-of-tank/MyProject/Content/Explosions/DemoRoom/Meshes/SM_DemoRoomL.uasset" 583
"../../../../../WOT/world-of-tank/MyProject/Content/Explosions/DemoRoom/Meshes/SM_DemoRoomLTrim.uasset" 584
"../../../../../WOT/world-of-tank/MyProject/Content/Explosions/DemoRoom/Meshes/SM_DemoRoomTrim.uasset" 585
"../../../../../WOT/world-of-tank/MyProject/Content/Explosions/DemoRoom/Meshes/SM_DemoRoomTrim2.uasset" 586
"../../../../../WOT/world-of-tank/MyProject/Content/Explosions/DemoRoom/Materials/M_DemoWall_Inst_NamePlate.uasset" 587
"../../../../../WOT/world-of-tank/MyProject/Content/Explosions/DemoRoom/Meshes/SM_DemoRoomTrimAdd.uasset" 588
"../../../../../WOT/world-of-tank/MyProject/Content/Explosions/DemoRoom/Meshes/SM_DemoRoomU.uasset" 589
"../../../../../WOT/world-of-tank/MyProject/Content/Explosions/DemoRoom/Meshes/SM_DemoRoomU2.uasset" 590
"../../../../../WOT/world-of-tank/MyProject/Content/Explosions/DemoRoom/Materials/M_DemoWall_Inst_BaseFloor_Inst.uasset" 591
"../../../../../WOT/world-of-tank/MyProject/Content/Explosions/DemoRoom/Meshes/SM_DemoRoomU_Hole.uasset" 592
"../../../../../WOT/world-of-tank/MyProject/Content/Explosions/DemoRoom/Meshes/SM_URoom_Wall2.uasset" 593
"../../../../../WOT/world-of-tank/MyProject/Content/Explosions/DemoRoom/Meshes/SM_URoom_Wall.uasset" 594
"../../../../../WOT/world-of-tank/MyProject/Content/Explosions/DemoRoom/BluePrints/BP_DemoRoom.uasset" 595
"../../../../../WOT/world-of-tank/MyProject/Content/Explosions/DemoRoom/Meshes/SM_NamePlate.uasset" 596
"../../../../../WOT/world-of-tank/MyProject/Content/Explosions/DemoRoom/Meshes/SM_Base2.uasset" 597
"../../../../../WOT/world-of-tank/MyProject/Content/Explosions/DemoRoom/Meshes/SM_BaseRoom.uasset" 598
"../../../../../WOT/world-of-tank/MyProject/Content/Explosions/DemoRoom/Meshes/SM_Base_FlatWall.uasset" 599
"../../../../../WOT/world-of-tank/MyProject/Content/Explosions/DemoRoom/Meshes/SM_Base.uasset" 600
"../../../../../WOT/world-of-tank/MyProject/Content/Explosions/DemoRoom/BluePrints/BP_DemoDisplay_Enum.uasset" 601
"../../../../../WOT/world-of-tank/MyProject/Content/Explosions/DemoRoom/BluePrints/BP_DemoDisplay.uasset" 602
"../../../../../WOT/world-of-tank/MyProject/Content/Explosions/RibbonTester_v3.uasset" 603
"../../../../../WOT/world-of-tank/MyProject/Content/Explosions/DemoRoom/BluePrints/PhysicsDemoPlayerController.uasset" 604
"../../../../../WOT/world-of-tank/MyProject/Content/Explosions/DemoRoom/BluePrints/DefPawn.uasset" 605
"../../../../../WOT/world-of-tank/MyProject/Content/Explosions/DemoRoom/BluePrints/CE_Game.uasset" 606
"../../../../../WOT/world-of-tank/MyProject/Content/Explosions/DemoRoom/Textures/SupportInfo.uasset" 607
"../../../../../WOT/world-of-tank/MyProject/Content/Explosions/DemoRoom/Materials/M_Abatron.uasset" 608
"../../../../../WOT/world-of-tank/MyProject/Content/Explosions/Particles/P_ImpactExplosion5.uasset" 609
"../../../../../WOT/world-of-tank/MyProject/Content/Explosions/Mats/RibbonSmoke1c_M.uasset" 610
"../../../../../WOT/world-of-tank/MyProject/Content/Explosions/Textures/Mushroom1bot_2K.uasset" 611
"../../../../../WOT/world-of-tank/MyProject/Content/Explosions/Mats/Explosive8_M.uasset" 612
"../../../../../WOT/world-of-tank/MyProject/Content/Explosions/Particles/P_ImpactExplosion4.uasset" 613
"../../../../../WOT/world-of-tank/MyProject/Content/Explosions/Textures/Fireballs1Top_2K.uasset" 614
"../../../../../WOT/world-of-tank/MyProject/Content/Explosions/Mats/Explosive7_M.uasset" 615
"../../../../../WOT/world-of-tank/MyProject/Content/Explosions/Particles/P_ImpactExplosion3.uasset" 616
"../../../../../WOT/world-of-tank/MyProject/Content/Explosions/Textures/ExplosionPreset_Side_2K.uasset" 617
"../../../../../WOT/world-of-tank/MyProject/Content/Explosions/Mats/Explosive4_M.uasset" 618
"../../../../../WOT/world-of-tank/MyProject/Content/Explosions/Particles/P_ImpactExplosion.uasset" 619
"../../../../../WOT/world-of-tank/MyProject/Content/Explosions/Mesh/shockwavecrackle.uasset" 620
"../../../../../WOT/world-of-tank/MyProject/Content/Explosions/Mesh/shockcracklepoles.uasset" 621
"../../../../../WOT/world-of-tank/MyProject/Content/Explosions/Particles/P_highimpact.uasset" 622
"../../../../../WOT/world-of-tank/MyProject/Content/Explosions/Textures/flares2.uasset" 623
"../../../../../WOT/world-of-tank/MyProject/Content/Explosions/Mats/flareshimmer1.uasset" 624
"../../../../../WOT/world-of-tank/MyProject/Content/Explosions/Particles/P_FlareShimmer2.uasset" 625
"../../../../../WOT/world-of-tank/MyProject/Content/Explosions/Particles/P_FlareShimmer1.uasset" 626
"../../../../../WOT/world-of-tank/MyProject/Content/Explosions/Textures/Fire4d_2k.uasset" 627
"../../../../../WOT/world-of-tank/MyProject/Content/Explosions/Mats/Fire8_M.uasset" 628
"../../../../../WOT/world-of-tank/MyProject/Content/Explosions/Particles/P_Fire8.uasset" 629
"../../../../../WOT/world-of-tank/MyProject/Content/Explosions/Textures/Fire4c_2k.uasset" 630
"../../../../../WOT/world-of-tank/MyProject/Content/Explosions/Mats/Fire7_M.uasset" 631
"../../../../../WOT/world-of-tank/MyProject/Content/Explosions/Particles/P_Fire7.uasset" 632
"../../../../../WOT/world-of-tank/MyProject/Content/Explosions/Particles/P_Fire6.uasset" 633
"../../../../../WOT/world-of-tank/MyProject/Content/Explosions/Textures/Fire4a_2k.uasset" 634
"../../../../../WOT/world-of-tank/MyProject/Content/Explosions/Mats/Fire5_M.uasset" 635
"../../../../../WOT/world-of-tank/MyProject/Content/Explosions/Particles/P_Fire5.uasset" 636
"../../../../../WOT/world-of-tank/MyProject/Content/Explosions/Particles/P_Fire4.uasset" 637
"../../../../../WOT/world-of-tank/MyProject/Content/Explosions/Textures/Fire2c_2k.uasset" 638
"../../../../../WOT/world-of-tank/MyProject/Content/Explosions/Mats/Fire3_M.uasset" 639
"../../../../../WOT/world-of-tank/MyProject/Content/Explosions/Particles/P_Fire3.uasset" 640
"../../../../../WOT/world-of-tank/MyProject/Content/Explosions/Textures/Fire2b_2k.uasset" 641
"../../../../../WOT/world-of-tank/MyProject/Content/Explosions/Mats/Fire2_M.uasset" 642
"../../../../../WOT/world-of-tank/MyProject/Content/Explosions/Particles/P_Fire2.uasset" 643
"../../../../../WOT/world-of-tank/MyProject/Content/Explosions/Particles/P_Fire1.uasset" 644
"../../../../../WOT/world-of-tank/MyProject/Content/Explosions/Particles/P_Explosive9.uasset" 645
"../../../../../WOT/world-of-tank/MyProject/Content/Explosions/Particles/P_Explosive8.uasset" 646
"../../../../../WOT/world-of-tank/MyProject/Content/Explosions/Particles/P_Explosive7.uasset" 647
"../../../../../WOT/world-of-tank/MyProject/Content/Explosions/Particles/P_Explosive6.uasset" 648
"../../../../../WOT/world-of-tank/MyProject/Content/Explosions/Textures/ExplosionPreset_Top_2K.uasset" 649
"../../../../../WOT/world-of-tank/MyProject/Content/Explosions/Mats/Explosive5_M.uasset" 650
"../../../../../WOT/world-of-tank/MyProject/Content/Explosions/Particles/P_Explosive5.uasset" 651
"../../../../../WOT/world-of-tank/MyProject/Content/Explosions/Particles/P_Explosive4.uasset" 652
"../../../../../WOT/world-of-tank/MyProject/Content/Explosions/Textures/ExplosionPreset_Bot_2K.uasset" 653
"../../../../../WOT/world-of-tank/MyProject/Content/Explosions/Mats/Explosive3_M.uasset" 654
"../../../../../WOT/world-of-tank/MyProject/Content/Explosions/Particles/P_Explosive3.uasset" 655
"../../../../../WOT/world-of-tank/MyProject/Content/Explosions/Particles/P_Explosive2.uasset" 656
"../../../../../WOT/world-of-tank/MyProject/Content/Explosions/Particles/P_Explosive11.uasset" 657
"../../../../../WOT/world-of-tank/MyProject/Content/Explosions/Mats/Explosive10_M.uasset" 658
"../../../../../WOT/world-of-tank/MyProject/Content/Explosions/Particles/P_Explosive10.uasset" 659
"../../../../../WOT/world-of-tank/MyProject/Content/Explosions/Textures/Explodebase1Side3_2K.uasset" 660
"../../../../../WOT/world-of-tank/MyProject/Content/Explosions/Mats/Explosive1_M.uasset" 661
"../../../../../WOT/world-of-tank/MyProject/Content/Explosions/Particles/P_Explosive1.uasset" 662
"../../../../../WOT/world-of-tank/MyProject/Content/Explosions/Textures/Fireballs1_2K.uasset" 663
"../../../../../WOT/world-of-tank/MyProject/Content/Explosions/Mats/ExplodeFireball_Mat.uasset" 664
"../../../../../WOT/world-of-tank/MyProject/Content/Explosions/Particles/P_Explode1.uasset" 665
"../../../../../WOT/world-of-tank/MyProject/Content/Explosions/Particles/P_Distortion3D.uasset" 666
"../../../../../WOT/world-of-tank/MyProject/Content/Explosions/Textures/RandomNormal2.uasset" 667
"../../../../../WOT/world-of-tank/MyProject/Content/Explosions/Mats/DistortionSq.uasset" 668
"../../../../../WOT/world-of-tank/MyProject/Content/Explosions/Particles/P_DistortionSq.uasset" 669
"../../../Engine/Content/MapTemplates/Sky/M_BlackBackground.uasset" 670
"../../../../../WOT/world-of-tank/MyProject/Content/Explosions/Textures/Explodebase1Bot_2k.uasset" 671
"../../../../../WOT/world-of-tank/MyProject/Content/Explosions/Mats/Explodelowsmoke_Mat.uasset" 672
"../../../../../WOT/world-of-tank/MyProject/Content/Explosions/Particles/P_Explode2.uasset" 673
"../../../../../WOT/world-of-tank/MyProject/Content/Explosions/Textures/water2N.uasset" 674
"../../../../../WOT/world-of-tank/MyProject/Content/Explosions/Mats/Distortion1b.uasset" 675
"../../../../../WOT/world-of-tank/MyProject/Content/Explosions/Particles/P_Distortion1b.uasset" 676
"../../../../../WOT/world-of-tank/MyProject/Content/Explosions/Particles/P_Distortion1.uasset" 677
"../../../../../WOT/world-of-tank/MyProject/Content/Explosions/Mats/ShocktorusNoEdge.uasset" 678
"../../../../../WOT/world-of-tank/MyProject/Content/Explosions/Particles/P_Destruction1.uasset" 679
"../../../../../WOT/world-of-tank/MyProject/Content/Explosions/Textures/Burst2.uasset" 680
"../../../../../WOT/world-of-tank/MyProject/Content/Explosions/Mats/Burst2.uasset" 681
"../../../../../WOT/world-of-tank/MyProject/Content/Explosions/Particles/P_Burst2.uasset" 682
"../../../../../WOT/world-of-tank/MyProject/Content/Explosions/Particles/P_Burst1.uasset" 683
"../../../../../WOT/world-of-tank/MyProject/Content/Explosions/Mats/FBLoop1_Mat.uasset" 684
"../../../../../WOT/world-of-tank/MyProject/Content/Explosions/Particles/P_Explode3.uasset" 685
"../../../Engine/Content/MapTemplates/T_ScreenDirt02_w.uasset" 686
"../../../Engine/Content/MapTemplates/Bokeh_5Sides.uasset" 687
"../../../Engine/Content/MapTemplates/Sky/T_UDK_Sky_CloudMask01_N.uasset" 688
"../../../Engine/Content/MapTemplates/Sky/T_Sky_Stars.uasset" 689
"../../../Engine/Content/MapTemplates/T_UDK_Sky_CloudMask03.uasset" 690
"../../../Engine/Content/MapTemplates/Sky/M_Procedural_Sky_MASTER02.uasset" 691
"../../../Engine/Content/MapTemplates/Sky/SM_SkySphere.uasset" 692
"../../../../../WOT/world-of-tank/MyProject/Content/Explosions/Maps/Overview.umap" 693
"../../../Engine/Content/EditorMeshes/ColorCalibrator/M_GreyBall.uasset" 694
"../../../Engine/Content/EditorMeshes/ColorCalibrator/Color_checker.uasset" 695
"../../../Engine/Content/EditorMeshes/ColorCalibrator/M_ColorGrid.uasset" 696
"../../../Engine/Content/EditorMeshes/ColorCalibrator/M_ClearCoatBlack.uasset" 697
"../../../Engine/Content/EditorMeshes/ColorCalibrator/M_ClearCoat.uasset" 698
"../../../Engine/Content/EditorMeshes/ColorCalibrator/M_ChromeBall.uasset" 699
"../../../Engine/Content/EditorMeshes/ColorCalibrator/SM_ColorCalibrator.uasset" 700
"../../../../../WOT/world-of-tank/MyProject/Content/StarterContent/Maps/Advanced_Lighting_BuiltData.uasset" 701
"../../../../../WOT/world-of-tank/MyProject/Content/StarterContent/HDRI/HDRI_Epic_Courtyard_Daylight.uasset" 702
"../../../Engine/Content/MapTemplates/Sky/DaylightAmbientCubemap.uasset" 703
"../../../../../WOT/world-of-tank/MyProject/Content/StarterContent/Blueprints/Assets/M_LightStage_Skybox_Master.uasset" 704
"../../../../../WOT/world-of-tank/MyProject/Content/StarterContent/Blueprints/Assets/M_LightStage_Skybox_HDRI.uasset" 705
"../../../../../WOT/world-of-tank/MyProject/Content/StarterContent/Blueprints/Assets/M_LightStage_Arrows.uasset" 706
"../../../../../WOT/world-of-tank/MyProject/Content/StarterContent/Blueprints/Assets/SM_Arrows.uasset" 707
"../../../Engine/Content/EditorMaterials/Thumbnails/SkySphereMaterial.uasset" 708
"../../../../../WOT/world-of-tank/MyProject/Content/StarterContent/Blueprints/Assets/Skybox.uasset" 709
"../../../../../WOT/world-of-tank/MyProject/Content/StarterContent/Blueprints/Assets/M_LightStage_Skybox_Black.uasset" 710
"../../../../../WOT/world-of-tank/MyProject/Content/StarterContent/Blueprints/Assets/SunlightColorLUT.uasset" 711
"../../../../../WOT/world-of-tank/MyProject/Content/StarterContent/Blueprints/Assets/FogBrightnessLUT.uasset" 712
"../../../../../WOT/world-of-tank/MyProject/Content/StarterContent/Blueprints/BP_LightStudio.uasset" 713
"../../../../../WOT/world-of-tank/MyProject/Content/StarterContent/Materials/M_AssetPlatform.uasset" 714
"../../../../../WOT/world-of-tank/MyProject/Content/StarterContent/Architecture/SM_AssetPlatform.uasset" 715
"../../../../../WOT/world-of-tank/MyProject/Content/StarterContent/Maps/Advanced_Lighting.umap" 716
"../../../../../WOT/world-of-tank/MyProject/Content/StarterContent/Textures/T_TableRound_N.uasset" 717
"../../../../../WOT/world-of-tank/MyProject/Content/StarterContent/Textures/T_TableRound_M.uasset" 718
"../../../../../WOT/world-of-tank/MyProject/Content/StarterContent/Props/Materials/M_TableRound.uasset" 719
"../../../../../WOT/world-of-tank/MyProject/Content/StarterContent/Props/SM_TableRound.uasset" 720
"../../../../../WOT/world-of-tank/MyProject/Content/StarterContent/Textures/T_Statue_N.uasset" 721
"../../../../../WOT/world-of-tank/MyProject/Content/StarterContent/Textures/T_Statue_M.uasset" 722
"../../../../../WOT/world-of-tank/MyProject/Content/StarterContent/Props/Materials/M_Statue.uasset" 723
"../../../../../WOT/world-of-tank/MyProject/Content/StarterContent/Props/Materials/M_StatueGlass.uasset" 724
"../../../../../WOT/world-of-tank/MyProject/Content/StarterContent/Props/SM_Statue.uasset" 725
"../../../../../WOT/world-of-tank/MyProject/Content/StarterContent/Props/SM_Chair.uasset" 726
"../../../../../WOT/world-of-tank/MyProject/Content/StarterContent/Textures/T_Metal_Copper_D.uasset" 727
"../../../../../WOT/world-of-tank/MyProject/Content/StarterContent/Textures/T_Metal_Gold_N.uasset" 728
"../../../../../WOT/world-of-tank/MyProject/Content/StarterContent/Textures/T_MacroVariation.uasset" 729
"../../../../../WOT/world-of-tank/MyProject/Content/StarterContent/Materials/M_Metal_Copper.uasset" 730
"../../../../../WOT/world-of-tank/MyProject/Content/StarterContent/Textures/T_Metal_Aluminum_D.uasset" 731
"../../../../../WOT/world-of-tank/MyProject/Content/StarterContent/Materials/M_Metal_Burnished_Steel.uasset" 732
"../../../../../WOT/world-of-tank/MyProject/Content/StarterContent/Materials/M_Metal_Brushed_Nickel.uasset" 733
"../../../Engine/Content/EngineSky/T_Sky_Stars.uasset" 734
"../../../Engine/Content/EngineSky/T_Sky_Clouds_M.uasset" 735
"../../../Engine/Content/EngineSky/T_Sky_Blue.uasset" 736
"../../../Engine/Content/EngineSky/M_Sky_Panning_Clouds2.uasset" 737
"../../../../../WOT/world-of-tank/MyProject/Content/StarterContent/Maps/Minimal_Default_BuiltData.uasset" 738
"../../../Engine/Content/EngineSky/SM_SkySphere.uasset" 739
"../../../Engine/Content/EngineSky/C_Sky_Zenith_Color.uasset" 740
"../../../Engine/Content/EngineSky/C_Sky_Horizon_Color.uasset" 741
"../../../Engine/Content/EngineSky/C_Sky_Cloud_Color.uasset" 742
"../../../Engine/Content/EngineSky/BP_Sky_Sphere.uasset" 743
"../../../../../WOT/world-of-tank/MyProject/Content/StarterContent/Audio/Starter_Background_Cue.uasset" 744
"../../../../../WOT/world-of-tank/MyProject/Content/StarterContent/Architecture/Floor_400x400.uasset" 745
"../../../../../WOT/world-of-tank/MyProject/Content/StarterContent/Maps/Minimal_Default.umap" 746
"../../../../../WOT/world-of-tank/MyProject/Content/StarterContent/Shapes/Shape_Sphere.uasset" 747
"../../../../../WOT/world-of-tank/MyProject/Content/StarterContent/Shapes/Shape_QuadPyramid.uasset" 748
"../../../../../WOT/world-of-tank/MyProject/Content/StarterContent/Shapes/Shape_Cube.uasset" 749
"../../../../../WOT/world-of-tank/MyProject/Content/StarterContent/Textures/T_Frame_N.uasset" 750
"../../../../../WOT/world-of-tank/MyProject/Content/StarterContent/Textures/T_Frame_M.uasset" 751
"../../../../../WOT/world-of-tank/MyProject/Content/StarterContent/Props/Materials/M_Frame.uasset" 752
"../../../../../WOT/world-of-tank/MyProject/Content/StarterContent/Props/SM_WindowFrame.uasset" 753
"../../../../../WOT/world-of-tank/MyProject/Content/StarterContent/Props/SM_PillarFrame300.uasset" 754
"../../../../../WOT/world-of-tank/MyProject/Content/StarterContent/Props/SM_PillarFrame.uasset" 755
"../../../../../WOT/world-of-tank/MyProject/Content/StarterContent/Props/SM_GlassWindow.uasset" 756
"../../../../../WOT/world-of-tank/MyProject/Content/StarterContent/Props/SM_DoorFrame.uasset" 757
"../../../../../WOT/world-of-tank/MyProject/Content/StarterContent/Props/SM_CornerFrame.uasset" 758
"../../../../../WOT/world-of-tank/MyProject/Content/StarterContent/Props/MaterialSphere.uasset" 759
"../../../../../WOT/world-of-tank/MyProject/Content/StarterContent/Textures/T_Dust_Particle_D.uasset" 760
"../../../../../WOT/world-of-tank/MyProject/Content/StarterContent/Particles/Materials/M_Dust_Particle.uasset" 761
"../../../../../WOT/world-of-tank/MyProject/Content/StarterContent/Particles/P_Ambient_Dust.uasset" 762
"../../../../../WOT/world-of-tank/MyProject/Content/StarterContent/Textures/T_Wood_Walnut_N.uasset" 763
"../../../../../WOT/world-of-tank/MyProject/Content/StarterContent/Textures/T_Wood_Walnut_D.uasset" 764
"../../../../../WOT/world-of-tank/MyProject/Content/StarterContent/Materials/M_Wood_Walnut.uasset" 765
"../../../../../WOT/world-of-tank/MyProject/Content/StarterContent/Textures/T_Wood_Pine_N.uasset" 766
"../../../../../WOT/world-of-tank/MyProject/Content/StarterContent/Textures/T_Wood_Pine_D.uasset" 767
"../../../../../WOT/world-of-tank/MyProject/Content/StarterContent/Textures/T_Perlin_Noise_M.uasset" 768
"../../../../../WOT/world-of-tank/MyProject/Content/StarterContent/Materials/M_Wood_Pine.uasset" 769
"../../../../../WOT/world-of-tank/MyProject/Content/StarterContent/Textures/T_Wood_Oak_N.uasset" 770
"../../../../../WOT/world-of-tank/MyProject/Content/StarterContent/Textures/T_Wood_Oak_D.uasset" 771
"../../../../../WOT/world-of-tank/MyProject/Content/StarterContent/Materials/M_Wood_Oak.uasset" 772
"../../../Engine/Content/Functions/Engine_MaterialFunctions01/Opacity/AlphaOffset.uasset" 773
"../../../../../WOT/world-of-tank/MyProject/Content/StarterContent/Textures/T_Wood_Floor_Walnut_N.uasset" 774
"../../../../../WOT/world-of-tank/MyProject/Content/StarterContent/Textures/T_Wood_Floor_Walnut_M.uasset" 775
"../../../../../WOT/world-of-tank/MyProject/Content/StarterContent/Textures/T_Wood_Floor_Walnut_D.uasset" 776
"../../../../../WOT/world-of-tank/MyProject/Content/StarterContent/Materials/M_Wood_Floor_Walnut_Worn.uasset" 777
"../../../../../WOT/world-of-tank/MyProject/Content/StarterContent/Materials/M_Wood_Floor_Walnut_Polished.uasset" 778
"../../../../../WOT/world-of-tank/MyProject/Content/StarterContent/Textures/T_Water_M.uasset" 779
"../../../../../WOT/world-of-tank/MyProject/Content/StarterContent/Textures/T_Water_N.uasset" 780
"../../../../../WOT/world-of-tank/MyProject/Content/StarterContent/Materials/M_Water_Ocean.uasset" 781
"../../../../../WOT/world-of-tank/MyProject/Content/StarterContent/Materials/M_Water_Lake.uasset" 782
"../../../../../WOT/world-of-tank/MyProject/Content/StarterContent/Textures/T_Tech_Panel_N.uasset" 783
"../../../../../WOT/world-of-tank/MyProject/Content/StarterContent/Textures/T_Tech_Panel_M.uasset" 784
"../../../../../WOT/world-of-tank/MyProject/Content/StarterContent/Textures/T_Metal_Steel_D.uasset" 785
"../../../../../WOT/world-of-tank/MyProject/Content/StarterContent/Materials/M_Tech_Panel.uasset" 786
"../../../../../WOT/world-of-tank/MyProject/Content/StarterContent/Textures/T_Tech_Hex_Tile_N.uasset" 787
"../../../../../WOT/world-of-tank/MyProject/Content/StarterContent/Textures/T_Tech_Hex_Tile_M.uasset" 788
"../../../../../WOT/world-of-tank/MyProject/Content/StarterContent/Materials/M_Tech_Hex_Tile_Pulse.uasset" 789
"../../../../../WOT/world-of-tank/MyProject/Content/StarterContent/Materials/M_Tech_Hex_Tile.uasset" 790
"../../../../../WOT/world-of-tank/MyProject/Content/StarterContent/Textures/T_Tech_Dot_N.uasset" 791
"../../../../../WOT/world-of-tank/MyProject/Content/StarterContent/Textures/T_Tech_Dot_M.uasset" 792
"../../../../../WOT/world-of-tank/MyProject/Content/StarterContent/Textures/T_Single_Tile_N.uasset" 793
"../../../../../WOT/world-of-tank/MyProject/Content/StarterContent/Textures/T_Checker_Noise_M.uasset" 794
"../../../../../WOT/world-of-tank/MyProject/Content/StarterContent/Materials/M_Tech_Checker_Dot.uasset" 795
"../../../../../WOT/world-of-tank/MyProject/Content/StarterContent/Textures/T_Rock_Slate_N.uasset" 796
"../../../../../WOT/world-of-tank/MyProject/Content/StarterContent/Textures/T_Rock_Slate_D.uasset" 797
"../../../../../WOT/world-of-tank/MyProject/Content/StarterContent/Materials/M_Rock_Slate.uasset" 798
"../../../../../WOT/world-of-tank/MyProject/Content/StarterContent/Textures/T_Rock_Sandstone_N.uasset" 799
"../../../../../WOT/world-of-tank/MyProject/Content/StarterContent/Textures/T_Rock_Sandstone_D.uasset" 800
"../../../../../WOT/world-of-tank/MyProject/Content/StarterContent/Materials/M_Rock_Sandstone.uasset" 801
"../../../../../WOT/world-of-tank/MyProject/Content/StarterContent/Textures/T_Rock_Marble_Polished_D.uasset" 802
"../../../../../WOT/world-of-tank/MyProject/Content/StarterContent/Materials/M_Rock_Marble_Polished.uasset" 803
"../../../../../WOT/world-of-tank/MyProject/Content/StarterContent/Textures/T_Rock_Basalt_N.uasset" 804
"../../../../../WOT/world-of-tank/MyProject/Content/StarterContent/Materials/M_Rock_Basalt.uasset" 805
"../../../../../WOT/world-of-tank/MyProject/Content/StarterContent/Textures/T_Metal_Steel_N.uasset" 806
"../../../../../WOT/world-of-tank/MyProject/Content/StarterContent/Materials/M_Metal_Steel.uasset" 807
"../../../../../WOT/world-of-tank/MyProject/Content/StarterContent/Textures/T_Metal_Rust_D.uasset" 808
"../../../../../WOT/world-of-tank/MyProject/Content/StarterContent/Textures/T_Metal_Rust_N.uasset" 809
"../../../../../WOT/world-of-tank/MyProject/Content/StarterContent/Materials/M_Metal_Rust.uasset" 810
"../../../../../WOT/world-of-tank/MyProject/Content/StarterContent/Textures/T_Metal_Gold_D.uasset" 811
"../../../../../WOT/world-of-tank/MyProject/Content/StarterContent/Materials/M_Metal_Gold.uasset" 812
"../../../../../WOT/world-of-tank/MyProject/Content/StarterContent/Materials/M_Metal_Chrome.uasset" 813
"../../../../../WOT/world-of-tank/MyProject/Content/StarterContent/Textures/T_Ground_Moss_N.uasset" 814
"../../../../../WOT/world-of-tank/MyProject/Content/StarterContent/Textures/T_ground_Moss_D.uasset" 815
"../../../../../WOT/world-of-tank/MyProject/Content/StarterContent/Materials/M_Ground_Moss.uasset" 816
"../../../../../WOT/world-of-tank/MyProject/Content/StarterContent/Textures/T_Ground_Gravel_N.uasset" 817
"../../../../../WOT/world-of-tank/MyProject/Content/StarterContent/Textures/T_Ground_Gravel_D.uasset" 818
"../../../../../WOT/world-of-tank/MyProject/Content/StarterContent/Materials/M_Ground_Gravel.uasset" 819
"../../../../../WOT/world-of-tank/MyProject/Content/StarterContent/Textures/T_Ground_Grass_N.uasset" 820
"../../../../../WOT/world-of-tank/MyProject/Content/StarterContent/Textures/T_Ground_Grass_D.uasset" 821
"../../../../../WOT/world-of-tank/MyProject/Content/StarterContent/Materials/M_Ground_Grass.uasset" 822
"../../../../../WOT/world-of-tank/MyProject/Content/StarterContent/Textures/T_Concrete_Tiles_Variation_M.uasset" 823
"../../../../../WOT/world-of-tank/MyProject/Content/StarterContent/Textures/T_Concrete_Tiles_N.uasset" 824
"../../../../../WOT/world-of-tank/MyProject/Content/StarterContent/Textures/T_Concrete_Tiles_M.uasset" 825
"../../../../../WOT/world-of-tank/MyProject/Content/StarterContent/Textures/T_Concrete_Tiles_D.uasset" 826
"../../../../../WOT/world-of-tank/MyProject/Content/StarterContent/Materials/M_Concrete_Tiles.uasset" 827
"../../../../../WOT/world-of-tank/MyProject/Content/StarterContent/Textures/T_Concrete_Panels_N.uasset" 828
"../../../../../WOT/world-of-tank/MyProject/Content/StarterContent/Textures/T_Concrete_Panels_D.uasset" 829
"../../../../../WOT/world-of-tank/MyProject/Content/StarterContent/Materials/M_Concrete_Panels.uasset" 830
"../../../../../WOT/world-of-tank/MyProject/Content/StarterContent/Textures/T_Concrete_Grime_D.uasset" 831
"../../../../../WOT/world-of-tank/MyProject/Content/StarterContent/Materials/M_Concrete_Grime.uasset" 832
"../../../../../WOT/world-of-tank/MyProject/Content/StarterContent/Textures/T_CobbleStone_Smooth_N.uasset" 833
"../../../../../WOT/world-of-tank/MyProject/Content/StarterContent/Textures/T_CobbleStone_Smooth_M.uasset" 834
"../../../../../WOT/world-of-tank/MyProject/Content/StarterContent/Textures/T_CobbleStone_Smooth_D.uasset" 835
"../../../../../WOT/world-of-tank/MyProject/Content/StarterContent/Textures/T_Rock_Smooth_Granite_D.uasset" 836
"../../../../../WOT/world-of-tank/MyProject/Content/StarterContent/Textures/T_Gradinet_01.uasset" 837
"../../../../../WOT/world-of-tank/MyProject/Content/StarterContent/Materials/M_CobbleStone_Smooth.uasset" 838
"../../../../../WOT/world-of-tank/MyProject/Content/StarterContent/Textures/T_CobbleStone_Rough_N.uasset" 839
"../../../../../WOT/world-of-tank/MyProject/Content/StarterContent/Textures/T_CobbleStone_Rough_D.uasset" 840
"../../../../../WOT/world-of-tank/MyProject/Content/StarterContent/Materials/M_CobbleStone_Rough.uasset" 841
"../../../../../WOT/world-of-tank/MyProject/Content/StarterContent/Textures/T_CobbleStone_Pebble_N.uasset" 842
"../../../../../WOT/world-of-tank/MyProject/Content/StarterContent/Textures/T_CobbleStone_Pebble_M.uasset" 843
"../../../../../WOT/world-of-tank/MyProject/Content/StarterContent/Textures/T_CobbleStone_Pebble_D.uasset" 844
"../../../../../WOT/world-of-tank/MyProject/Content/StarterContent/Materials/M_CobbleStone_Pebble.uasset" 845
"../../../../../WOT/world-of-tank/MyProject/Content/StarterContent/Textures/T_Ceramic_Tile_N.uasset" 846
"../../../../../WOT/world-of-tank/MyProject/Content/StarterContent/Textures/T_Ceramic_Tile_M.uasset" 847
"../../../../../WOT/world-of-tank/MyProject/Content/StarterContent/Materials/M_Ceramic_Tile_Checker.uasset" 848
"../../../../../WOT/world-of-tank/MyProject/Content/StarterContent/Textures/T_Brick_Hewn_Stone_N.uasset" 849
"../../../../../WOT/world-of-tank/MyProject/Content/StarterContent/Textures/T_Brick_Hewn_Stone_M.uasset" 850
"../../../../../WOT/world-of-tank/MyProject/Content/StarterContent/Textures/T_Brick_Hewn_Stone_D.uasset" 851
"../../../../../WOT/world-of-tank/MyProject/Content/StarterContent/Materials/M_Brick_Hewn_Stone.uasset" 852
"../../../../../WOT/world-of-tank/MyProject/Content/StarterContent/Textures/T_Brick_Cut_Stone_N.uasset" 853
"../../../../../WOT/world-of-tank/MyProject/Content/StarterContent/Textures/T_Brick_Cut_Stone_D.uasset" 854
"../../../../../WOT/world-of-tank/MyProject/Content/StarterContent/Materials/M_Brick_Cut_Stone.uasset" 855
"../../../../../WOT/world-of-tank/MyProject/Content/StarterContent/Textures/T_Brick_Clay_Old_N.uasset" 856
"../../../../../WOT/world-of-tank/MyProject/Content/StarterContent/Textures/T_Brick_Clay_Old_D.uasset" 857
"../../../../../WOT/world-of-tank/MyProject/Content/StarterContent/Materials/M_Brick_Clay_Old.uasset" 858
"../../../../../WOT/world-of-tank/MyProject/Content/StarterContent/Textures/T_Brick_Clay_New_N.uasset" 859
"../../../../../WOT/world-of-tank/MyProject/Content/StarterContent/Textures/T_Brick_Clay_New_M.uasset" 860
"../../../../../WOT/world-of-tank/MyProject/Content/StarterContent/Textures/T_Brick_Clay_New_D.uasset" 861
"../../../../../WOT/world-of-tank/MyProject/Content/StarterContent/Materials/M_Brick_Clay_New.uasset" 862
"../../../../../WOT/world-of-tank/MyProject/Content/StarterContent/Textures/T_Brick_Clay_Beveled_N.uasset" 863
"../../../../../WOT/world-of-tank/MyProject/Content/StarterContent/Textures/T_Brick_Clay_Beveled_M.uasset" 864
"../../../../../WOT/world-of-tank/MyProject/Content/StarterContent/Textures/T_Brick_Clay_Beveled_D.uasset" 865
"../../../../../WOT/world-of-tank/MyProject/Content/StarterContent/Materials/M_Brick_Clay_Beveled.uasset" 866
"../../../Engine/Content/Functions/Engine_MaterialFunctions03/Procedurals/ComputeFilterWidth.uasset" 867
"../../../Engine/Content/EngineMaterials/AntiAliasedTextMaterialTranslucent.uasset" 868
"../../../../../WOT/world-of-tank/MyProject/Content/StarterContent/Maps/StarterMap_BuiltData.uasset" 869
"../../../../../WOT/world-of-tank/MyProject/Content/StarterContent/Textures/T_Concrete_Poured_N.uasset" 870
"../../../../../WOT/world-of-tank/MyProject/Content/StarterContent/Textures/T_Concrete_Poured_D.uasset" 871
"../../../../../WOT/world-of-tank/MyProject/Content/StarterContent/Materials/M_Concrete_Poured.uasset" 872
"../../../../../WOT/world-of-tank/MyProject/Content/StarterContent/Textures/T_Lamp_N.uasset" 873
"../../../../../WOT/world-of-tank/MyProject/Content/StarterContent/Textures/T_Lamp_M.uasset" 874
"../../../../../WOT/world-of-tank/MyProject/Content/StarterContent/Props/Materials/M_Lamp.uasset" 875
"../../../../../WOT/world-of-tank/MyProject/Content/StarterContent/Props/SM_Lamp_Wall.uasset" 876
"../../../../../WOT/world-of-tank/MyProject/Content/StarterContent/Blueprints/Blueprint_WallSconce.uasset" 877
"../../../../../WOT/world-of-tank/MyProject/Content/StarterContent/Particles/P_Steam_Lit.uasset" 878
"../../../../../WOT/world-of-tank/MyProject/Content/StarterContent/Audio/Steam01_Cue.uasset" 879
"../../../../../WOT/world-of-tank/MyProject/Content/StarterContent/Blueprints/Blueprint_Effect_Steam.uasset" 880
"../../../../../WOT/world-of-tank/MyProject/Content/StarterContent/Textures/T_Spark_Core.uasset" 881
"../../../../../WOT/world-of-tank/MyProject/Content/StarterContent/Particles/Materials/M_Spark.uasset" 882
"../../../../../WOT/world-of-tank/MyProject/Content/StarterContent/Particles/Materials/M_Radial_Gradient.uasset" 883
"../../../../../WOT/world-of-tank/MyProject/Content/StarterContent/Particles/P_Sparks.uasset" 884
"../../../../../WOT/world-of-tank/MyProject/Content/StarterContent/Audio/Fire_Sparks01_Cue.uasset" 885
"../../../../../WOT/world-of-tank/MyProject/Content/StarterContent/Blueprints/Blueprint_Effect_Sparks.uasset" 886
"../../../../../WOT/world-of-tank/MyProject/Content/StarterContent/Particles/P_Smoke.uasset" 887
"../../../../../WOT/world-of-tank/MyProject/Content/StarterContent/Audio/Smoke01_Cue.uasset" 888
"../../../../../WOT/world-of-tank/MyProject/Content/StarterContent/Blueprints/Blueprint_Effect_Smoke.uasset" 889
"../../../../../WOT/world-of-tank/MyProject/Content/StarterContent/Particles/Materials/M_Heat_Distortion.uasset" 890
"../../../../../WOT/world-of-tank/MyProject/Content/StarterContent/Textures/T_Fire_Tiled_D.uasset" 891
"../../../../../WOT/world-of-tank/MyProject/Content/StarterContent/Textures/T_Fire_SubUV.uasset" 892
"../../../../../WOT/world-of-tank/MyProject/Content/StarterContent/Particles/Materials/M_Fire_SubUV.uasset" 893
"../../../../../WOT/world-of-tank/MyProject/Content/StarterContent/Particles/P_Fire.uasset" 894
"../../../../../WOT/world-of-tank/MyProject/Content/StarterContent/Audio/Fire01_Cue.uasset" 895
"../../../../../WOT/world-of-tank/MyProject/Content/StarterContent/Blueprints/Blueprint_Effect_Fire.uasset" 896
"../../../../../WOT/world-of-tank/MyProject/Content/StarterContent/Props/SM_Lamp_Ceiling.uasset" 897
"../../../../../WOT/world-of-tank/MyProject/Content/StarterContent/Blueprints/Blueprint_CeilingLight.uasset" 898
"../../../../../WOT/world-of-tank/MyProject/Content/StarterContent/Audio/Starter_Music_Cue.uasset" 899
"../../../../../WOT/world-of-tank/MyProject/Content/StarterContent/Audio/Collapse_Cue.uasset" 900
"../../../../../WOT/world-of-tank/MyProject/Content/StarterContent/Architecture/Wall_Window_400x300.uasset" 901
"../../../../../WOT/world-of-tank/MyProject/Content/StarterContent/Architecture/Wall_Door_400x300.uasset" 902
"../../../../../WOT/world-of-tank/MyProject/Content/StarterContent/Architecture/Wall_400x200.uasset" 903
"../../../../../WOT/world-of-tank/MyProject/Content/StarterContent/Maps/StarterMap.umap" 904
"../../../Engine/Content/EditorBlueprintResources/ActorMacros.uasset" 905
"../../../../../WOT/world-of-tank/MyProject/Content/TankBase/UI/Playerinfo.uasset" 906
"../../../../../WOT/world-of-tank/MyProject/Content/TankBase/UI/UI_PlayerRoom.uasset" 907
"../../../../../WOT/world-of-tank/MyProject/Content/TankBase/UI/Controller/BP_Lobby_Col.uasset" 908
"../../../../../WOT/world-of-tank/MyProject/Content/TankBase/UI/Controller/BP_Lobby_Mode.uasset" 909
"../../../../../WOT/world-of-tank/MyProject/Content/TankBase/Maps/Map_Lobby.umap" 910
"../../../../../WOT/world-of-tank/MyProject/Content/TankBase/UI/UI_CreateRoom.uasset" 911
"../../../../../WOT/world-of-tank/MyProject/Content/TankBase/UI/JoinServer.uasset" 912
"../../../../../WOT/world-of-tank/MyProject/Content/TankBase/UI/FindServer.uasset" 913
"../../../../../WOT/world-of-tank/MyProject/Content/TankBase/UI/MainMenu.uasset" 914
"../../../../../WOT/world-of-tank/MyProject/Content/TankBase/Maps/Map_Start.umap" 915
"../../../Engine/Content/EngineMaterials/DefaultPhysicalMaterial.uasset" 916
"../../../../../WOT/world-of-tank/MyProject/Content/TankBase/Maps/TestMap_BuiltData.uasset" 917
"../../../../../WOT/world-of-tank/MyProject/Content/TankBase/Maps/TestMap.umap" 918
"../../../../../WOT/world-of-tank/MyProject/Content/TankBase/BluePrints/Tank/Controller/BP_AI_TankGameModeBase.uasset" 919
"../../../../../WOT/world-of-tank/MyProject/Content/TankBase/Maps/Test_AI_Vehicle.umap" 920
"../../../../../WOT/world-of-tank/MyProject/Content/VigilanteContent/Vehicles/GAS/Armor/Armor.uasset" 921
"../../../../../WOT/world-of-tank/MyProject/Content/InventorySystems/Projectile.uasset" 922
"../../../../../WOT/world-of-tank/MyProject/Content/TankBase/Maps/Test_Vehicle.umap" 923
"../../../../../WOT/world-of-tank/MyProject/Content/VigilanteContent/Shared/Map/Platform/LOGO/SM_Vigilante_Logo.uasset" 924
"../../../../../WOT/world-of-tank/MyProject/Content/VigilanteContent/Shared/Map/Platform/Cylinder/Materials/Textures/T_Platform_N.uasset" 925
"../../../../../WOT/world-of-tank/MyProject/Content/VigilanteContent/Shared/Map/Platform/Cylinder/Materials/Textures/T_Platform_D.uasset" 926
"../../../../../WOT/world-of-tank/MyProject/Content/VigilanteContent/Shared/Map/Platform/Cylinder/Materials/Textures/T_Platform_ARM.uasset" 927
"../../../../../WOT/world-of-tank/MyProject/Content/VigilanteContent/Shared/Map/Platform/Cylinder/Materials/M_Platform.uasset" 928
"../../../../../WOT/world-of-tank/MyProject/Content/VigilanteContent/Shared/Map/Platform/Cylinder/SM_Platform.uasset" 929
"../../../Engine/Content/BasicShapes/Cube.uasset" 930
"../../../../../WOT/world-of-tank/MyProject/Content/VigilanteContent/Shared/Map/Platform/LOGO/Materials/Textures/T_Vigilante_Logo_N.uasset" 931
"../../../../../WOT/world-of-tank/MyProject/Content/VigilanteContent/Shared/Map/Platform/LOGO/Materials/Textures/T_Vigilante_Logo_D.uasset" 932
"../../../../../WOT/world-of-tank/MyProject/Content/VigilanteContent/Shared/Map/Platform/LOGO/Materials/Textures/T_vigilante_logo_ARM.uasset" 933
"../../../../../WOT/world-of-tank/MyProject/Content/VigilanteContent/Shared/Map/Platform/LOGO/Materials/M_Vigilante_Logo.uasset" 934
"../../../../../WOT/world-of-tank/MyProject/Content/VigilanteContent/Shared/Map/WiderPlatform.umap" 935
"../../../../../WOT/world-of-tank/MyProject/Content/VigilanteContent/Shared/Vehicle_lightRig/VLR.umap" 936
"../../../../../WOT/world-of-tank/MyProject/Content/VigilanteContent/Vehicles/West_Tank_M1A1Abrams/Level/West_Tank_M1A1Abrams_BuiltData.uasset" 937
"../../../../../WOT/world-of-tank/MyProject/Content/VigilanteContent/Shared/HUD/Widgets/Components/W_BaseControls.uasset" 938
"../../../../../WOT/world-of-tank/MyProject/Content/VigilanteContent/Shared/Showcase/Interfaces/BP_ShowcaseControlsInterface.uasset" 939
"../../../../../WOT/world-of-tank/MyProject/Content/VigilanteContent/Shared/HUD/Widgets/Components/W_TwinSliderControl.uasset" 940
"../../../../../WOT/world-of-tank/MyProject/Content/VigilanteContent/Shared/HUD/Widgets/Components/W_SliderControl.uasset" 941
"../../../../../WOT/world-of-tank/MyProject/Content/VigilanteContent/Shared/HUD/Widgets/Components/W_Separator.uasset" 942
"../../../../../WOT/world-of-tank/MyProject/Content/VigilanteContent/Shared/HUD/Widgets/Components/W_CheckboxControl.uasset" 943
"../../../../../WOT/world-of-tank/MyProject/Content/VigilanteContent/Shared/HUD/Widgets/Components/W_CameraButton.uasset" 944
"../../../../../WOT/world-of-tank/MyProject/Content/VigilanteContent/Shared/HUD/Widgets/Components/W_ButtonsControl.uasset" 945
"../../../../../WOT/world-of-tank/MyProject/Content/VigilanteContent/Shared/Showcase/Interfaces/BP_ShowcaseSetupInterface.uasset" 946
"../../../../../WOT/world-of-tank/MyProject/Content/VigilanteContent/Shared/Gamestate/BP_GameState.uasset" 947
"../../../../../WOT/world-of-tank/MyProject/Content/VigilanteContent/Shared/HUD/Widgets/W_VehicleControls.uasset" 948
"../../../../../WOT/world-of-tank/MyProject/Content/VigilanteContent/Shared/HUD/Widgets/W_ShowcaseControls.uasset" 949
"../../../../../WOT/world-of-tank/MyProject/Content/VigilanteContent/Shared/HUD/BP_ShowcaseVisible.uasset" 950
"../../../../../WOT/world-of-tank/MyProject/Content/VigilanteContent/Shared/Gamemode/BP_GameMode.uasset" 951
"../../../../../WOT/world-of-tank/MyProject/Content/VigilanteContent/Vehicles/West_Tank_M1A1Abrams/Level/West_Tank_M1A1Abrams.umap" 952
"../../../../../WOT/world-of-tank/MyProject/Content/VigilanteContent/Vehicles/West_Tank_M1A1Abrams/Level/West_Tank_M1A1Abrams_LTG_BuiltData.uasset" 953
"../../../../../WOT/world-of-tank/MyProject/Content/VigilanteContent/Vehicles/West_Tank_M1A1Abrams/Level/West_Tank_M1A1Abrams_LTG.umap" 954
"../../../../../WOT/world-of-tank/MyProject/Content/VigilanteContent/Vehicles/West_Tank_M1A1Abrams/Level/West_Tank_M1A1Abrams_SEQUENCER.umap" 955
"../../../../../WOT/world-of-tank/MyProject/Content/VigilanteContent/Shared/Showcase/Component/BP_ShowcaseSetupComponent.uasset" 956
"../../../../../WOT/world-of-tank/MyProject/Content/VigilanteContent/Vehicles/West_Tank_M1A1Abrams/Level/West_Tank_M1A1Abrams_Vehicle_BuiltData.uasset" 957
"../../../../../WOT/world-of-tank/MyProject/Content/VigilanteContent/Shared/Particles/MaterialFunctions/AngleFadeOut_MF.uasset" 958
"../../../../../WOT/world-of-tank/MyProject/Content/VigilanteContent/Shared/Particles/Materials/MasterMaterials/M_GPU_EngineCore_01_M.uasset" 959
"../../../../../WOT/world-of-tank/MyProject/Content/VigilanteContent/Shared/Particles/Materials/MasterMaterials/M_2X2_SubUV_MuzzleFlash_B.uasset" 960
"../../../../../WOT/world-of-tank/MyProject/Content/VigilanteContent/Vehicles/West_Tank_M1A1Abrams/FX/PS_MuzzleFire_01_M1A1Abrams.uasset" 961
"../../../../../WOT/world-of-tank/MyProject/Content/VigilanteContent/Vehicles/West_Tank_M1A1Abrams/BP_West_Tank_M1A1Abrams_Showcase.uasset" 962
"../../../../../WOT/world-of-tank/MyProject/Content/VigilanteContent/Vehicles/West_Tank_M1A1Abrams/Level/West_Tank_M1A1Abrams_Vehicle.umap" 963
